{"F:\\Hacktiv8\\Fase 3\\week 4\\tdd\\Zoomi-Backend\\app.js": {"path":"F:\\Hacktiv8\\Fase 3\\week 4\\tdd\\Zoomi-Backend\\app.js","statementMap":{"0":{"start":{"line":1,"column":0},"end":{"line":1,"column":26}},"1":{"start":{"line":2,"column":13},"end":{"line":2,"column":28}},"2":{"start":{"line":3,"column":16},"end":{"line":3,"column":34}},"3":{"start":{"line":4,"column":15},"end":{"line":4,"column":40}},"4":{"start":{"line":5,"column":19},"end":{"line":5,"column":53}},"5":{"start":{"line":6,"column":13},"end":{"line":6,"column":37}},"6":{"start":{"line":7,"column":12},"end":{"line":7,"column":21}},"7":{"start":{"line":9,"column":0},"end":{"line":9,"column":15}},"8":{"start":{"line":10,"column":0},"end":{"line":10,"column":45}},"9":{"start":{"line":11,"column":0},"end":{"line":11,"column":23}},"10":{"start":{"line":14,"column":0},"end":{"line":14,"column":20}},"11":{"start":{"line":16,"column":0},"end":{"line":16,"column":19}},"12":{"start":{"line":19,"column":0},"end":{"line":19,"column":20}}},"fnMap":{},"branchMap":{"0":{"loc":{"start":{"line":6,"column":13},"end":{"line":6,"column":37}},"type":"binary-expr","locations":[{"start":{"line":6,"column":13},"end":{"line":6,"column":29}},{"start":{"line":6,"column":33},"end":{"line":6,"column":37}}],"line":6}},"s":{"0":4,"1":4,"2":4,"3":4,"4":4,"5":4,"6":4,"7":4,"8":4,"9":4,"10":4,"11":4,"12":4},"f":{},"b":{"0":[4,4]},"_coverageSchema":"1a1c01bbd47fc00a2c39e90264f33305004495a9","hash":"dcb9d194f7ee209cbf745c951ffd4b9445418dba"}
,"F:\\Hacktiv8\\Fase 3\\week 4\\tdd\\Zoomi-Backend\\controllers\\authController.js": {"path":"F:\\Hacktiv8\\Fase 3\\week 4\\tdd\\Zoomi-Backend\\controllers\\authController.js","statementMap":{"0":{"start":{"line":1,"column":27},"end":{"line":1,"column":47}},"1":{"start":{"line":2,"column":20},"end":{"line":2,"column":59}},"2":{"start":{"line":3,"column":17},"end":{"line":3,"column":51}},"3":{"start":{"line":4,"column":15},"end":{"line":4,"column":35}},"4":{"start":{"line":8,"column":27},"end":{"line":15,"column":9}},"5":{"start":{"line":19,"column":8},"end":{"line":27,"column":14}},"6":{"start":{"line":21,"column":31},"end":{"line":21,"column":46}},"7":{"start":{"line":22,"column":16},"end":{"line":22,"column":43}},"8":{"start":{"line":23,"column":16},"end":{"line":23,"column":99}},"9":{"start":{"line":26,"column":16},"end":{"line":26,"column":25}},"10":{"start":{"line":30,"column":23},"end":{"line":33,"column":9}},"11":{"start":{"line":34,"column":8},"end":{"line":60,"column":14}},"12":{"start":{"line":40,"column":16},"end":{"line":56,"column":17}},"13":{"start":{"line":41,"column":20},"end":{"line":53,"column":21}},"14":{"start":{"line":42,"column":44},"end":{"line":46,"column":25}},"15":{"start":{"line":47,"column":41},"end":{"line":47,"column":56}},"16":{"start":{"line":48,"column":24},"end":{"line":48,"column":53}},"17":{"start":{"line":49,"column":24},"end":{"line":49,"column":72}},"18":{"start":{"line":50,"column":24},"end":{"line":50,"column":82}},"19":{"start":{"line":52,"column":24},"end":{"line":52,"column":79}},"20":{"start":{"line":55,"column":20},"end":{"line":55,"column":75}},"21":{"start":{"line":59,"column":16},"end":{"line":59,"column":43}},"22":{"start":{"line":64,"column":0},"end":{"line":64,"column":31}}},"fnMap":{"0":{"name":"(anonymous_0)","decl":{"start":{"line":7,"column":4},"end":{"line":7,"column":5}},"loc":{"start":{"line":7,"column":45},"end":{"line":28,"column":5}},"line":7},"1":{"name":"(anonymous_1)","decl":{"start":{"line":20,"column":19},"end":{"line":20,"column":20}},"loc":{"start":{"line":20,"column":27},"end":{"line":24,"column":13}},"line":20},"2":{"name":"(anonymous_2)","decl":{"start":{"line":25,"column":20},"end":{"line":25,"column":21}},"loc":{"start":{"line":25,"column":27},"end":{"line":27,"column":13}},"line":25},"3":{"name":"(anonymous_3)","decl":{"start":{"line":29,"column":4},"end":{"line":29,"column":5}},"loc":{"start":{"line":29,"column":42},"end":{"line":61,"column":5}},"line":29},"4":{"name":"(anonymous_4)","decl":{"start":{"line":39,"column":18},"end":{"line":39,"column":19}},"loc":{"start":{"line":39,"column":26},"end":{"line":57,"column":13}},"line":39},"5":{"name":"(anonymous_5)","decl":{"start":{"line":58,"column":19},"end":{"line":58,"column":20}},"loc":{"start":{"line":58,"column":26},"end":{"line":60,"column":13}},"line":58}},"branchMap":{"0":{"loc":{"start":{"line":9,"column":22},"end":{"line":9,"column":76}},"type":"cond-expr","locations":[{"start":{"line":9,"column":48},"end":{"line":9,"column":69}},{"start":{"line":9,"column":72},"end":{"line":9,"column":76}}],"line":9},"1":{"loc":{"start":{"line":10,"column":22},"end":{"line":10,"column":76}},"type":"cond-expr","locations":[{"start":{"line":10,"column":48},"end":{"line":10,"column":69}},{"start":{"line":10,"column":72},"end":{"line":10,"column":76}}],"line":10},"2":{"loc":{"start":{"line":11,"column":19},"end":{"line":11,"column":67}},"type":"cond-expr","locations":[{"start":{"line":11,"column":42},"end":{"line":11,"column":60}},{"start":{"line":11,"column":63},"end":{"line":11,"column":67}}],"line":11},"3":{"loc":{"start":{"line":12,"column":18},"end":{"line":12,"column":64}},"type":"cond-expr","locations":[{"start":{"line":12,"column":40},"end":{"line":12,"column":57}},{"start":{"line":12,"column":60},"end":{"line":12,"column":64}}],"line":12},"4":{"loc":{"start":{"line":13,"column":19},"end":{"line":13,"column":67}},"type":"cond-expr","locations":[{"start":{"line":13,"column":42},"end":{"line":13,"column":60}},{"start":{"line":13,"column":63},"end":{"line":13,"column":67}}],"line":13},"5":{"loc":{"start":{"line":40,"column":16},"end":{"line":56,"column":17}},"type":"if","locations":[{"start":{"line":40,"column":16},"end":{"line":56,"column":17}},{"start":{"line":40,"column":16},"end":{"line":56,"column":17}}],"line":40},"6":{"loc":{"start":{"line":41,"column":20},"end":{"line":53,"column":21}},"type":"if","locations":[{"start":{"line":41,"column":20},"end":{"line":53,"column":21}},{"start":{"line":41,"column":20},"end":{"line":53,"column":21}}],"line":41}},"s":{"0":4,"1":4,"2":4,"3":4,"4":2,"5":2,"6":2,"7":2,"8":2,"9":0,"10":15,"11":15,"12":10,"13":6,"14":3,"15":3,"16":3,"17":3,"18":3,"19":2,"20":4,"21":6,"22":4},"f":{"0":2,"1":2,"2":0,"3":15,"4":10,"5":6},"b":{"0":[2,0],"1":[2,0],"2":[2,0],"3":[2,0],"4":[0,2],"5":[6,4],"6":[3,2]},"_coverageSchema":"1a1c01bbd47fc00a2c39e90264f33305004495a9","hash":"f193865e4b9867580869bbdcd19b2279f9ec37b6"}
,"F:\\Hacktiv8\\Fase 3\\week 4\\tdd\\Zoomi-Backend\\controllers\\favoriteController.js": {"path":"F:\\Hacktiv8\\Fase 3\\week 4\\tdd\\Zoomi-Backend\\controllers\\favoriteController.js","statementMap":{"0":{"start":{"line":1,"column":14},"end":{"line":1,"column":44}},"1":{"start":{"line":2,"column":25},"end":{"line":2,"column":45}},"2":{"start":{"line":6,"column":20},"end":{"line":6,"column":22}},"3":{"start":{"line":7,"column":8},"end":{"line":11,"column":9}},"4":{"start":{"line":8,"column":12},"end":{"line":8,"column":50}},"5":{"start":{"line":10,"column":12},"end":{"line":10,"column":46}},"6":{"start":{"line":12,"column":8},"end":{"line":33,"column":14}},"7":{"start":{"line":29,"column":16},"end":{"line":29,"column":47}},"8":{"start":{"line":32,"column":16},"end":{"line":32,"column":25}},"9":{"start":{"line":36,"column":8},"end":{"line":56,"column":14}},"10":{"start":{"line":52,"column":16},"end":{"line":52,"column":47}},"11":{"start":{"line":55,"column":16},"end":{"line":55,"column":25}},"12":{"start":{"line":59,"column":19},"end":{"line":62,"column":9}},"13":{"start":{"line":63,"column":8},"end":{"line":69,"column":14}},"14":{"start":{"line":65,"column":16},"end":{"line":65,"column":47}},"15":{"start":{"line":68,"column":16},"end":{"line":68,"column":25}},"16":{"start":{"line":73,"column":8},"end":{"line":83,"column":14}},"17":{"start":{"line":79,"column":16},"end":{"line":79,"column":81}},"18":{"start":{"line":82,"column":16},"end":{"line":82,"column":25}},"19":{"start":{"line":87,"column":0},"end":{"line":87,"column":35}}},"fnMap":{"0":{"name":"(anonymous_0)","decl":{"start":{"line":5,"column":4},"end":{"line":5,"column":5}},"loc":{"start":{"line":5,"column":41},"end":{"line":34,"column":5}},"line":5},"1":{"name":"(anonymous_1)","decl":{"start":{"line":28,"column":18},"end":{"line":28,"column":19}},"loc":{"start":{"line":28,"column":26},"end":{"line":30,"column":13}},"line":28},"2":{"name":"(anonymous_2)","decl":{"start":{"line":31,"column":19},"end":{"line":31,"column":20}},"loc":{"start":{"line":31,"column":26},"end":{"line":33,"column":13}},"line":31},"3":{"name":"(anonymous_3)","decl":{"start":{"line":35,"column":4},"end":{"line":35,"column":5}},"loc":{"start":{"line":35,"column":42},"end":{"line":57,"column":5}},"line":35},"4":{"name":"(anonymous_4)","decl":{"start":{"line":51,"column":18},"end":{"line":51,"column":19}},"loc":{"start":{"line":51,"column":26},"end":{"line":53,"column":13}},"line":51},"5":{"name":"(anonymous_5)","decl":{"start":{"line":54,"column":19},"end":{"line":54,"column":20}},"loc":{"start":{"line":54,"column":26},"end":{"line":56,"column":13}},"line":54},"6":{"name":"(anonymous_6)","decl":{"start":{"line":58,"column":4},"end":{"line":58,"column":5}},"loc":{"start":{"line":58,"column":42},"end":{"line":70,"column":5}},"line":58},"7":{"name":"(anonymous_7)","decl":{"start":{"line":64,"column":18},"end":{"line":64,"column":19}},"loc":{"start":{"line":64,"column":26},"end":{"line":66,"column":13}},"line":64},"8":{"name":"(anonymous_8)","decl":{"start":{"line":67,"column":19},"end":{"line":67,"column":20}},"loc":{"start":{"line":67,"column":26},"end":{"line":69,"column":13}},"line":67},"9":{"name":"(anonymous_9)","decl":{"start":{"line":72,"column":4},"end":{"line":72,"column":5}},"loc":{"start":{"line":72,"column":42},"end":{"line":84,"column":5}},"line":72},"10":{"name":"(anonymous_10)","decl":{"start":{"line":78,"column":18},"end":{"line":78,"column":19}},"loc":{"start":{"line":78,"column":26},"end":{"line":80,"column":13}},"line":78},"11":{"name":"(anonymous_11)","decl":{"start":{"line":81,"column":19},"end":{"line":81,"column":20}},"loc":{"start":{"line":81,"column":26},"end":{"line":83,"column":13}},"line":81}},"branchMap":{"0":{"loc":{"start":{"line":7,"column":8},"end":{"line":11,"column":9}},"type":"if","locations":[{"start":{"line":7,"column":8},"end":{"line":11,"column":9}},{"start":{"line":7,"column":8},"end":{"line":11,"column":9}}],"line":7}},"s":{"0":4,"1":4,"2":1,"3":1,"4":0,"5":1,"6":1,"7":1,"8":0,"9":1,"10":1,"11":0,"12":4,"13":4,"14":3,"15":1,"16":1,"17":1,"18":0,"19":4},"f":{"0":1,"1":1,"2":0,"3":1,"4":1,"5":0,"6":4,"7":3,"8":1,"9":1,"10":1,"11":0},"b":{"0":[0,1]},"_coverageSchema":"1a1c01bbd47fc00a2c39e90264f33305004495a9","hash":"58c8bb14a37afda23b35512e46285890c4355c14"}
,"F:\\Hacktiv8\\Fase 3\\week 4\\tdd\\Zoomi-Backend\\controllers\\garageController.js": {"path":"F:\\Hacktiv8\\Fase 3\\week 4\\tdd\\Zoomi-Backend\\controllers\\garageController.js","statementMap":{"0":{"start":{"line":1,"column":27},"end":{"line":1,"column":47}},"1":{"start":{"line":7,"column":27},"end":{"line":14,"column":9}},"2":{"start":{"line":18,"column":8},"end":{"line":20,"column":9}},"3":{"start":{"line":19,"column":12},"end":{"line":19,"column":76}},"4":{"start":{"line":22,"column":8},"end":{"line":43,"column":14}},"5":{"start":{"line":24,"column":32},"end":{"line":30,"column":17}},"6":{"start":{"line":31,"column":16},"end":{"line":38,"column":22}},"7":{"start":{"line":33,"column":24},"end":{"line":33,"column":99}},"8":{"start":{"line":37,"column":24},"end":{"line":37,"column":33}},"9":{"start":{"line":42,"column":16},"end":{"line":42,"column":25}},"10":{"start":{"line":47,"column":8},"end":{"line":63,"column":14}},"11":{"start":{"line":53,"column":16},"end":{"line":59,"column":17}},"12":{"start":{"line":54,"column":33},"end":{"line":54,"column":48}},"13":{"start":{"line":55,"column":16},"end":{"line":55,"column":53}},"14":{"start":{"line":58,"column":16},"end":{"line":58,"column":69}},"15":{"start":{"line":62,"column":16},"end":{"line":62,"column":25}},"16":{"start":{"line":67,"column":18},"end":{"line":71,"column":9}},"17":{"start":{"line":74,"column":8},"end":{"line":90,"column":14}},"18":{"start":{"line":81,"column":16},"end":{"line":86,"column":17}},"19":{"start":{"line":82,"column":37},"end":{"line":82,"column":44}},"20":{"start":{"line":83,"column":20},"end":{"line":83,"column":71}},"21":{"start":{"line":85,"column":20},"end":{"line":85,"column":60}},"22":{"start":{"line":89,"column":16},"end":{"line":89,"column":25}},"23":{"start":{"line":94,"column":0},"end":{"line":94,"column":33}}},"fnMap":{"0":{"name":"(anonymous_0)","decl":{"start":{"line":5,"column":4},"end":{"line":5,"column":5}},"loc":{"start":{"line":5,"column":43},"end":{"line":44,"column":5}},"line":5},"1":{"name":"(anonymous_1)","decl":{"start":{"line":23,"column":19},"end":{"line":23,"column":20}},"loc":{"start":{"line":23,"column":27},"end":{"line":39,"column":13}},"line":23},"2":{"name":"(anonymous_2)","decl":{"start":{"line":32,"column":27},"end":{"line":32,"column":28}},"loc":{"start":{"line":32,"column":35},"end":{"line":34,"column":21}},"line":32},"3":{"name":"(anonymous_3)","decl":{"start":{"line":35,"column":28},"end":{"line":35,"column":29}},"loc":{"start":{"line":35,"column":35},"end":{"line":38,"column":21}},"line":35},"4":{"name":"(anonymous_4)","decl":{"start":{"line":40,"column":20},"end":{"line":40,"column":21}},"loc":{"start":{"line":40,"column":27},"end":{"line":43,"column":13}},"line":40},"5":{"name":"(anonymous_5)","decl":{"start":{"line":46,"column":4},"end":{"line":46,"column":5}},"loc":{"start":{"line":46,"column":42},"end":{"line":64,"column":5}},"line":46},"6":{"name":"(anonymous_6)","decl":{"start":{"line":52,"column":18},"end":{"line":52,"column":19}},"loc":{"start":{"line":52,"column":26},"end":{"line":60,"column":13}},"line":52},"7":{"name":"(anonymous_7)","decl":{"start":{"line":61,"column":19},"end":{"line":61,"column":20}},"loc":{"start":{"line":61,"column":26},"end":{"line":63,"column":13}},"line":61},"8":{"name":"(anonymous_8)","decl":{"start":{"line":66,"column":4},"end":{"line":66,"column":5}},"loc":{"start":{"line":66,"column":42},"end":{"line":91,"column":5}},"line":66},"9":{"name":"(anonymous_9)","decl":{"start":{"line":80,"column":18},"end":{"line":80,"column":19}},"loc":{"start":{"line":80,"column":26},"end":{"line":87,"column":13}},"line":80},"10":{"name":"(anonymous_10)","decl":{"start":{"line":88,"column":19},"end":{"line":88,"column":20}},"loc":{"start":{"line":88,"column":26},"end":{"line":90,"column":13}},"line":88}},"branchMap":{"0":{"loc":{"start":{"line":18,"column":8},"end":{"line":20,"column":9}},"type":"if","locations":[{"start":{"line":18,"column":8},"end":{"line":20,"column":9}},{"start":{"line":18,"column":8},"end":{"line":20,"column":9}}],"line":18},"1":{"loc":{"start":{"line":53,"column":16},"end":{"line":59,"column":17}},"type":"if","locations":[{"start":{"line":53,"column":16},"end":{"line":59,"column":17}},{"start":{"line":53,"column":16},"end":{"line":59,"column":17}}],"line":53},"2":{"loc":{"start":{"line":68,"column":18},"end":{"line":68,"column":64}},"type":"cond-expr","locations":[{"start":{"line":68,"column":40},"end":{"line":68,"column":57}},{"start":{"line":68,"column":60},"end":{"line":68,"column":64}}],"line":68},"3":{"loc":{"start":{"line":69,"column":21},"end":{"line":69,"column":73}},"type":"cond-expr","locations":[{"start":{"line":69,"column":46},"end":{"line":69,"column":66}},{"start":{"line":69,"column":69},"end":{"line":69,"column":73}}],"line":69},"4":{"loc":{"start":{"line":70,"column":19},"end":{"line":70,"column":67}},"type":"cond-expr","locations":[{"start":{"line":70,"column":42},"end":{"line":70,"column":60}},{"start":{"line":70,"column":63},"end":{"line":70,"column":67}}],"line":70},"5":{"loc":{"start":{"line":81,"column":16},"end":{"line":86,"column":17}},"type":"if","locations":[{"start":{"line":81,"column":16},"end":{"line":86,"column":17}},{"start":{"line":81,"column":16},"end":{"line":86,"column":17}}],"line":81}},"s":{"0":4,"1":1,"2":1,"3":0,"4":1,"5":1,"6":1,"7":1,"8":0,"9":0,"10":1,"11":1,"12":1,"13":1,"14":0,"15":0,"16":1,"17":1,"18":1,"19":1,"20":1,"21":0,"22":0,"23":4},"f":{"0":1,"1":1,"2":1,"3":0,"4":0,"5":1,"6":1,"7":0,"8":1,"9":1,"10":0},"b":{"0":[0,1],"1":[1,0],"2":[1,0],"3":[1,0],"4":[1,0],"5":[1,0]},"_coverageSchema":"1a1c01bbd47fc00a2c39e90264f33305004495a9","hash":"b784e8693500a8a105066c8effc07f821ee13875"}
,"F:\\Hacktiv8\\Fase 3\\week 4\\tdd\\Zoomi-Backend\\controllers\\transactionController.js": {"path":"F:\\Hacktiv8\\Fase 3\\week 4\\tdd\\Zoomi-Backend\\controllers\\transactionController.js","statementMap":{"0":{"start":{"line":1,"column":14},"end":{"line":1,"column":47}},"1":{"start":{"line":2,"column":25},"end":{"line":2,"column":45}},"2":{"start":{"line":6,"column":20},"end":{"line":6,"column":22}},"3":{"start":{"line":7,"column":8},"end":{"line":9,"column":9}},"4":{"start":{"line":8,"column":12},"end":{"line":8,"column":50}},"5":{"start":{"line":10,"column":8},"end":{"line":12,"column":9}},"6":{"start":{"line":11,"column":12},"end":{"line":11,"column":46}},"7":{"start":{"line":13,"column":8},"end":{"line":15,"column":9}},"8":{"start":{"line":14,"column":12},"end":{"line":14,"column":46}},"9":{"start":{"line":16,"column":8},"end":{"line":37,"column":14}},"10":{"start":{"line":33,"column":16},"end":{"line":33,"column":47}},"11":{"start":{"line":36,"column":16},"end":{"line":36,"column":25}},"12":{"start":{"line":40,"column":8},"end":{"line":63,"column":14}},"13":{"start":{"line":59,"column":16},"end":{"line":59,"column":47}},"14":{"start":{"line":62,"column":16},"end":{"line":62,"column":25}},"15":{"start":{"line":67,"column":19},"end":{"line":73,"column":9}},"16":{"start":{"line":74,"column":8},"end":{"line":74,"column":36}},"17":{"start":{"line":75,"column":8},"end":{"line":81,"column":14}},"18":{"start":{"line":77,"column":16},"end":{"line":77,"column":47}},"19":{"start":{"line":80,"column":16},"end":{"line":80,"column":25}},"20":{"start":{"line":85,"column":19},"end":{"line":88,"column":9}},"21":{"start":{"line":89,"column":8},"end":{"line":91,"column":9}},"22":{"start":{"line":90,"column":12},"end":{"line":90,"column":41}},"23":{"start":{"line":92,"column":8},"end":{"line":107,"column":14}},"24":{"start":{"line":99,"column":16},"end":{"line":103,"column":17}},"25":{"start":{"line":100,"column":20},"end":{"line":100,"column":76}},"26":{"start":{"line":102,"column":20},"end":{"line":102,"column":70}},"27":{"start":{"line":106,"column":16},"end":{"line":106,"column":25}},"28":{"start":{"line":110,"column":19},"end":{"line":112,"column":9}},"29":{"start":{"line":113,"column":8},"end":{"line":123,"column":14}},"30":{"start":{"line":119,"column":16},"end":{"line":119,"column":67}},"31":{"start":{"line":122,"column":16},"end":{"line":122,"column":25}},"32":{"start":{"line":127,"column":0},"end":{"line":127,"column":38}}},"fnMap":{"0":{"name":"(anonymous_0)","decl":{"start":{"line":5,"column":4},"end":{"line":5,"column":5}},"loc":{"start":{"line":5,"column":41},"end":{"line":38,"column":5}},"line":5},"1":{"name":"(anonymous_1)","decl":{"start":{"line":32,"column":18},"end":{"line":32,"column":19}},"loc":{"start":{"line":32,"column":26},"end":{"line":34,"column":13}},"line":32},"2":{"name":"(anonymous_2)","decl":{"start":{"line":35,"column":19},"end":{"line":35,"column":20}},"loc":{"start":{"line":35,"column":26},"end":{"line":37,"column":13}},"line":35},"3":{"name":"(anonymous_3)","decl":{"start":{"line":39,"column":4},"end":{"line":39,"column":5}},"loc":{"start":{"line":39,"column":44},"end":{"line":64,"column":5}},"line":39},"4":{"name":"(anonymous_4)","decl":{"start":{"line":58,"column":18},"end":{"line":58,"column":19}},"loc":{"start":{"line":58,"column":26},"end":{"line":60,"column":13}},"line":58},"5":{"name":"(anonymous_5)","decl":{"start":{"line":61,"column":19},"end":{"line":61,"column":20}},"loc":{"start":{"line":61,"column":26},"end":{"line":63,"column":13}},"line":61},"6":{"name":"(anonymous_6)","decl":{"start":{"line":66,"column":4},"end":{"line":66,"column":5}},"loc":{"start":{"line":66,"column":42},"end":{"line":82,"column":5}},"line":66},"7":{"name":"(anonymous_7)","decl":{"start":{"line":76,"column":18},"end":{"line":76,"column":19}},"loc":{"start":{"line":76,"column":26},"end":{"line":78,"column":13}},"line":76},"8":{"name":"(anonymous_8)","decl":{"start":{"line":79,"column":19},"end":{"line":79,"column":20}},"loc":{"start":{"line":79,"column":26},"end":{"line":81,"column":13}},"line":79},"9":{"name":"(anonymous_9)","decl":{"start":{"line":84,"column":4},"end":{"line":84,"column":5}},"loc":{"start":{"line":84,"column":42},"end":{"line":108,"column":5}},"line":84},"10":{"name":"(anonymous_10)","decl":{"start":{"line":98,"column":18},"end":{"line":98,"column":19}},"loc":{"start":{"line":98,"column":26},"end":{"line":104,"column":13}},"line":98},"11":{"name":"(anonymous_11)","decl":{"start":{"line":105,"column":19},"end":{"line":105,"column":20}},"loc":{"start":{"line":105,"column":26},"end":{"line":107,"column":13}},"line":105},"12":{"name":"(anonymous_12)","decl":{"start":{"line":109,"column":4},"end":{"line":109,"column":5}},"loc":{"start":{"line":109,"column":48},"end":{"line":124,"column":5}},"line":109},"13":{"name":"(anonymous_13)","decl":{"start":{"line":118,"column":18},"end":{"line":118,"column":19}},"loc":{"start":{"line":118,"column":26},"end":{"line":120,"column":13}},"line":118},"14":{"name":"(anonymous_14)","decl":{"start":{"line":121,"column":19},"end":{"line":121,"column":20}},"loc":{"start":{"line":121,"column":26},"end":{"line":123,"column":13}},"line":121}},"branchMap":{"0":{"loc":{"start":{"line":7,"column":8},"end":{"line":9,"column":9}},"type":"if","locations":[{"start":{"line":7,"column":8},"end":{"line":9,"column":9}},{"start":{"line":7,"column":8},"end":{"line":9,"column":9}}],"line":7},"1":{"loc":{"start":{"line":10,"column":8},"end":{"line":12,"column":9}},"type":"if","locations":[{"start":{"line":10,"column":8},"end":{"line":12,"column":9}},{"start":{"line":10,"column":8},"end":{"line":12,"column":9}}],"line":10},"2":{"loc":{"start":{"line":13,"column":8},"end":{"line":15,"column":9}},"type":"if","locations":[{"start":{"line":13,"column":8},"end":{"line":15,"column":9}},{"start":{"line":13,"column":8},"end":{"line":15,"column":9}}],"line":13},"3":{"loc":{"start":{"line":89,"column":8},"end":{"line":91,"column":9}},"type":"if","locations":[{"start":{"line":89,"column":8},"end":{"line":91,"column":9}},{"start":{"line":89,"column":8},"end":{"line":91,"column":9}}],"line":89},"4":{"loc":{"start":{"line":99,"column":16},"end":{"line":103,"column":17}},"type":"if","locations":[{"start":{"line":99,"column":16},"end":{"line":103,"column":17}},{"start":{"line":99,"column":16},"end":{"line":103,"column":17}}],"line":99}},"s":{"0":4,"1":4,"2":1,"3":1,"4":0,"5":1,"6":0,"7":1,"8":0,"9":1,"10":1,"11":0,"12":1,"13":1,"14":0,"15":4,"16":4,"17":4,"18":3,"19":1,"20":1,"21":1,"22":0,"23":1,"24":1,"25":1,"26":0,"27":0,"28":1,"29":1,"30":1,"31":0,"32":4},"f":{"0":1,"1":1,"2":0,"3":1,"4":1,"5":0,"6":4,"7":3,"8":1,"9":1,"10":1,"11":0,"12":1,"13":1,"14":0},"b":{"0":[0,1],"1":[0,1],"2":[0,1],"3":[0,1],"4":[1,0]},"_coverageSchema":"1a1c01bbd47fc00a2c39e90264f33305004495a9","hash":"d7e0e67f346690bf5032bb1923b961947b0601e2"}
,"F:\\Hacktiv8\\Fase 3\\week 4\\tdd\\Zoomi-Backend\\controllers\\userController.js": {"path":"F:\\Hacktiv8\\Fase 3\\week 4\\tdd\\Zoomi-Backend\\controllers\\userController.js","statementMap":{"0":{"start":{"line":1,"column":18},"end":{"line":1,"column":38}},"1":{"start":{"line":2,"column":15},"end":{"line":2,"column":54}},"2":{"start":{"line":6,"column":8},"end":{"line":14,"column":14}},"3":{"start":{"line":8,"column":33},"end":{"line":8,"column":37}},"4":{"start":{"line":9,"column":16},"end":{"line":9,"column":75}},"5":{"start":{"line":9,"column":41},"end":{"line":9,"column":73}},"6":{"start":{"line":10,"column":16},"end":{"line":10,"column":53}},"7":{"start":{"line":13,"column":16},"end":{"line":13,"column":25}},"8":{"start":{"line":17,"column":8},"end":{"line":29,"column":14}},"9":{"start":{"line":23,"column":33},"end":{"line":23,"column":48}},"10":{"start":{"line":24,"column":16},"end":{"line":24,"column":42}},"11":{"start":{"line":25,"column":16},"end":{"line":25,"column":53}},"12":{"start":{"line":28,"column":16},"end":{"line":28,"column":25}},"13":{"start":{"line":32,"column":21},"end":{"line":32,"column":23}},"14":{"start":{"line":33,"column":12},"end":{"line":35,"column":13}},"15":{"start":{"line":34,"column":16},"end":{"line":34,"column":53}},"16":{"start":{"line":36,"column":12},"end":{"line":38,"column":13}},"17":{"start":{"line":37,"column":16},"end":{"line":37,"column":45}},"18":{"start":{"line":39,"column":12},"end":{"line":41,"column":13}},"19":{"start":{"line":40,"column":16},"end":{"line":40,"column":47}},"20":{"start":{"line":42,"column":12},"end":{"line":44,"column":13}},"21":{"start":{"line":43,"column":16},"end":{"line":43,"column":47}},"22":{"start":{"line":45,"column":12},"end":{"line":45,"column":48}},"23":{"start":{"line":46,"column":10},"end":{"line":63,"column":16}},"24":{"start":{"line":53,"column":18},"end":{"line":59,"column":19}},"25":{"start":{"line":54,"column":39},"end":{"line":54,"column":46}},"26":{"start":{"line":55,"column":22},"end":{"line":55,"column":62}},"27":{"start":{"line":56,"column":22},"end":{"line":56,"column":73}},"28":{"start":{"line":58,"column":22},"end":{"line":58,"column":62}},"29":{"start":{"line":62,"column":18},"end":{"line":62,"column":27}},"30":{"start":{"line":66,"column":8},"end":{"line":90,"column":13}},"31":{"start":{"line":67,"column":22},"end":{"line":69,"column":13}},"32":{"start":{"line":70,"column":12},"end":{"line":87,"column":18}},"33":{"start":{"line":77,"column":20},"end":{"line":83,"column":21}},"34":{"start":{"line":80,"column":24},"end":{"line":80,"column":77}},"35":{"start":{"line":82,"column":24},"end":{"line":82,"column":64}},"36":{"start":{"line":86,"column":20},"end":{"line":86,"column":29}},"37":{"start":{"line":89,"column":16},"end":{"line":89,"column":79}},"38":{"start":{"line":116,"column":0},"end":{"line":116,"column":31}}},"fnMap":{"0":{"name":"(anonymous_0)","decl":{"start":{"line":5,"column":4},"end":{"line":5,"column":5}},"loc":{"start":{"line":5,"column":41},"end":{"line":15,"column":5}},"line":5},"1":{"name":"(anonymous_1)","decl":{"start":{"line":7,"column":18},"end":{"line":7,"column":19}},"loc":{"start":{"line":7,"column":26},"end":{"line":11,"column":13}},"line":7},"2":{"name":"(anonymous_2)","decl":{"start":{"line":9,"column":31},"end":{"line":9,"column":32}},"loc":{"start":{"line":9,"column":41},"end":{"line":9,"column":73}},"line":9},"3":{"name":"(anonymous_3)","decl":{"start":{"line":12,"column":19},"end":{"line":12,"column":20}},"loc":{"start":{"line":12,"column":26},"end":{"line":14,"column":13}},"line":12},"4":{"name":"(anonymous_4)","decl":{"start":{"line":16,"column":4},"end":{"line":16,"column":5}},"loc":{"start":{"line":16,"column":40},"end":{"line":30,"column":5}},"line":16},"5":{"name":"(anonymous_5)","decl":{"start":{"line":22,"column":18},"end":{"line":22,"column":19}},"loc":{"start":{"line":22,"column":26},"end":{"line":26,"column":13}},"line":22},"6":{"name":"(anonymous_6)","decl":{"start":{"line":27,"column":19},"end":{"line":27,"column":20}},"loc":{"start":{"line":27,"column":26},"end":{"line":29,"column":13}},"line":27},"7":{"name":"(anonymous_7)","decl":{"start":{"line":31,"column":4},"end":{"line":31,"column":5}},"loc":{"start":{"line":31,"column":42},"end":{"line":64,"column":7}},"line":31},"8":{"name":"(anonymous_8)","decl":{"start":{"line":52,"column":20},"end":{"line":52,"column":21}},"loc":{"start":{"line":52,"column":28},"end":{"line":60,"column":15}},"line":52},"9":{"name":"(anonymous_9)","decl":{"start":{"line":61,"column":21},"end":{"line":61,"column":22}},"loc":{"start":{"line":61,"column":28},"end":{"line":63,"column":15}},"line":61},"10":{"name":"(anonymous_10)","decl":{"start":{"line":65,"column":4},"end":{"line":65,"column":5}},"loc":{"start":{"line":65,"column":50},"end":{"line":91,"column":7}},"line":65},"11":{"name":"(anonymous_11)","decl":{"start":{"line":76,"column":22},"end":{"line":76,"column":23}},"loc":{"start":{"line":76,"column":30},"end":{"line":84,"column":17}},"line":76},"12":{"name":"(anonymous_12)","decl":{"start":{"line":85,"column":23},"end":{"line":85,"column":24}},"loc":{"start":{"line":85,"column":30},"end":{"line":87,"column":17}},"line":85}},"branchMap":{"0":{"loc":{"start":{"line":33,"column":12},"end":{"line":35,"column":13}},"type":"if","locations":[{"start":{"line":33,"column":12},"end":{"line":35,"column":13}},{"start":{"line":33,"column":12},"end":{"line":35,"column":13}}],"line":33},"1":{"loc":{"start":{"line":36,"column":12},"end":{"line":38,"column":13}},"type":"if","locations":[{"start":{"line":36,"column":12},"end":{"line":38,"column":13}},{"start":{"line":36,"column":12},"end":{"line":38,"column":13}}],"line":36},"2":{"loc":{"start":{"line":39,"column":12},"end":{"line":41,"column":13}},"type":"if","locations":[{"start":{"line":39,"column":12},"end":{"line":41,"column":13}},{"start":{"line":39,"column":12},"end":{"line":41,"column":13}}],"line":39},"3":{"loc":{"start":{"line":42,"column":12},"end":{"line":44,"column":13}},"type":"if","locations":[{"start":{"line":42,"column":12},"end":{"line":44,"column":13}},{"start":{"line":42,"column":12},"end":{"line":44,"column":13}}],"line":42},"4":{"loc":{"start":{"line":53,"column":18},"end":{"line":59,"column":19}},"type":"if","locations":[{"start":{"line":53,"column":18},"end":{"line":59,"column":19}},{"start":{"line":53,"column":18},"end":{"line":59,"column":19}}],"line":53},"5":{"loc":{"start":{"line":66,"column":8},"end":{"line":90,"column":13}},"type":"if","locations":[{"start":{"line":66,"column":8},"end":{"line":90,"column":13}},{"start":{"line":66,"column":8},"end":{"line":90,"column":13}}],"line":66},"6":{"loc":{"start":{"line":77,"column":20},"end":{"line":83,"column":21}},"type":"if","locations":[{"start":{"line":77,"column":20},"end":{"line":83,"column":21}},{"start":{"line":77,"column":20},"end":{"line":83,"column":21}}],"line":77}},"s":{"0":4,"1":4,"2":1,"3":1,"4":1,"5":2,"6":1,"7":0,"8":1,"9":1,"10":1,"11":1,"12":0,"13":2,"14":2,"15":2,"16":2,"17":0,"18":2,"19":2,"20":2,"21":0,"22":2,"23":2,"24":1,"25":1,"26":1,"27":1,"28":0,"29":1,"30":1,"31":1,"32":1,"33":1,"34":1,"35":0,"36":0,"37":0,"38":4},"f":{"0":1,"1":1,"2":2,"3":0,"4":1,"5":1,"6":0,"7":2,"8":1,"9":1,"10":1,"11":1,"12":0},"b":{"0":[2,0],"1":[0,2],"2":[2,0],"3":[0,2],"4":[1,0],"5":[1,0],"6":[1,0]},"_coverageSchema":"1a1c01bbd47fc00a2c39e90264f33305004495a9","hash":"99c7ac300d5c9338c8777f8ec01152fa2ae8c992"}
,"F:\\Hacktiv8\\Fase 3\\week 4\\tdd\\Zoomi-Backend\\helpers\\errHandler.js": {"path":"F:\\Hacktiv8\\Fase 3\\week 4\\tdd\\Zoomi-Backend\\helpers\\errHandler.js","statementMap":{"0":{"start":{"line":1,"column":19},"end":{"line":22,"column":1}},"1":{"start":{"line":2,"column":4},"end":{"line":21,"column":5}},"2":{"start":{"line":3,"column":8},"end":{"line":14,"column":9}},"3":{"start":{"line":4,"column":25},"end":{"line":4,"column":27}},"4":{"start":{"line":5,"column":12},"end":{"line":7,"column":15}},"5":{"start":{"line":6,"column":16},"end":{"line":6,"column":44}},"6":{"start":{"line":8,"column":12},"end":{"line":8,"column":47}},"7":{"start":{"line":9,"column":14},"end":{"line":14,"column":9}},"8":{"start":{"line":10,"column":12},"end":{"line":10,"column":72}},"9":{"start":{"line":13,"column":12},"end":{"line":13,"column":54}},"10":{"start":{"line":16,"column":8},"end":{"line":20,"column":9}},"11":{"start":{"line":17,"column":12},"end":{"line":17,"column":63}},"12":{"start":{"line":19,"column":12},"end":{"line":19,"column":79}},"13":{"start":{"line":23,"column":0},"end":{"line":23,"column":27}}},"fnMap":{"0":{"name":"(anonymous_0)","decl":{"start":{"line":1,"column":19},"end":{"line":1,"column":20}},"loc":{"start":{"line":1,"column":53},"end":{"line":22,"column":1}},"line":1},"1":{"name":"(anonymous_1)","decl":{"start":{"line":5,"column":31},"end":{"line":5,"column":32}},"loc":{"start":{"line":5,"column":42},"end":{"line":7,"column":13}},"line":5}},"branchMap":{"0":{"loc":{"start":{"line":2,"column":4},"end":{"line":21,"column":5}},"type":"if","locations":[{"start":{"line":2,"column":4},"end":{"line":21,"column":5}},{"start":{"line":2,"column":4},"end":{"line":21,"column":5}}],"line":2},"1":{"loc":{"start":{"line":3,"column":8},"end":{"line":14,"column":9}},"type":"if","locations":[{"start":{"line":3,"column":8},"end":{"line":14,"column":9}},{"start":{"line":3,"column":8},"end":{"line":14,"column":9}}],"line":3},"2":{"loc":{"start":{"line":9,"column":14},"end":{"line":14,"column":9}},"type":"if","locations":[{"start":{"line":9,"column":14},"end":{"line":14,"column":9}},{"start":{"line":9,"column":14},"end":{"line":14,"column":9}}],"line":9},"3":{"loc":{"start":{"line":16,"column":8},"end":{"line":20,"column":9}},"type":"if","locations":[{"start":{"line":16,"column":8},"end":{"line":20,"column":9}},{"start":{"line":16,"column":8},"end":{"line":20,"column":9}}],"line":16}},"s":{"0":4,"1":21,"2":4,"3":1,"4":1,"5":1,"6":1,"7":3,"8":0,"9":3,"10":17,"11":17,"12":0,"13":4},"f":{"0":21,"1":1},"b":{"0":[4,17],"1":[1,3],"2":[0,3],"3":[17,0]},"_coverageSchema":"1a1c01bbd47fc00a2c39e90264f33305004495a9","hash":"dd3965de24dfa87dd405ea46583be9abafa7d104"}
,"F:\\Hacktiv8\\Fase 3\\week 4\\tdd\\Zoomi-Backend\\helpers\\jwtHelper.js": {"path":"F:\\Hacktiv8\\Fase 3\\week 4\\tdd\\Zoomi-Backend\\helpers\\jwtHelper.js","statementMap":{"0":{"start":{"line":1,"column":12},"end":{"line":1,"column":35}},"1":{"start":{"line":3,"column":13},"end":{"line":5,"column":1}},"2":{"start":{"line":4,"column":4},"end":{"line":4,"column":49}},"3":{"start":{"line":6,"column":20},"end":{"line":8,"column":1}},"4":{"start":{"line":7,"column":4},"end":{"line":7,"column":51}},"5":{"start":{"line":10,"column":0},"end":{"line":10,"column":36}}},"fnMap":{"0":{"name":"(anonymous_0)","decl":{"start":{"line":3,"column":13},"end":{"line":3,"column":14}},"loc":{"start":{"line":3,"column":24},"end":{"line":5,"column":1}},"line":3},"1":{"name":"(anonymous_1)","decl":{"start":{"line":6,"column":20},"end":{"line":6,"column":21}},"loc":{"start":{"line":6,"column":31},"end":{"line":8,"column":1}},"line":6}},"branchMap":{},"s":{"0":4,"1":4,"2":9,"3":4,"4":22,"5":4},"f":{"0":9,"1":22},"b":{},"_coverageSchema":"1a1c01bbd47fc00a2c39e90264f33305004495a9","hash":"326f928fd7bce05998d1bba8c5cc90ce1e49c140"}
,"F:\\Hacktiv8\\Fase 3\\week 4\\tdd\\Zoomi-Backend\\helpers\\passwordHelper.js": {"path":"F:\\Hacktiv8\\Fase 3\\week 4\\tdd\\Zoomi-Backend\\helpers\\passwordHelper.js","statementMap":{"0":{"start":{"line":1,"column":15},"end":{"line":1,"column":32}},"1":{"start":{"line":3,"column":13},"end":{"line":5,"column":1}},"2":{"start":{"line":4,"column":4},"end":{"line":4,"column":39}},"3":{"start":{"line":7,"column":15},"end":{"line":9,"column":1}},"4":{"start":{"line":8,"column":4},"end":{"line":8,"column":47}},"5":{"start":{"line":11,"column":0},"end":{"line":11,"column":33}}},"fnMap":{"0":{"name":"(anonymous_0)","decl":{"start":{"line":3,"column":13},"end":{"line":3,"column":14}},"loc":{"start":{"line":3,"column":25},"end":{"line":5,"column":1}},"line":3},"1":{"name":"(anonymous_1)","decl":{"start":{"line":7,"column":15},"end":{"line":7,"column":16}},"loc":{"start":{"line":7,"column":37},"end":{"line":9,"column":1}},"line":7}},"branchMap":{},"s":{"0":4,"1":4,"2":12,"3":4,"4":6,"5":4},"f":{"0":12,"1":6},"b":{},"_coverageSchema":"1a1c01bbd47fc00a2c39e90264f33305004495a9","hash":"b2c630b7e97ed39e54dbe707271d2ffc435ddd47"}
,"F:\\Hacktiv8\\Fase 3\\week 4\\tdd\\Zoomi-Backend\\helpers\\testsHelpers.js": {"path":"F:\\Hacktiv8\\Fase 3\\week 4\\tdd\\Zoomi-Backend\\helpers\\testsHelpers.js","statementMap":{"0":{"start":{"line":1,"column":36},"end":{"line":1,"column":56}},"1":{"start":{"line":4,"column":20},"end":{"line":14,"column":1}},"2":{"start":{"line":5,"column":4},"end":{"line":13,"column":6}},"3":{"start":{"line":9,"column":8},"end":{"line":9,"column":14}},"4":{"start":{"line":12,"column":8},"end":{"line":12,"column":14}},"5":{"start":{"line":15,"column":21},"end":{"line":25,"column":1}},"6":{"start":{"line":16,"column":4},"end":{"line":24,"column":6}},"7":{"start":{"line":20,"column":8},"end":{"line":20,"column":14}},"8":{"start":{"line":23,"column":8},"end":{"line":23,"column":14}},"9":{"start":{"line":27,"column":23},"end":{"line":37,"column":1}},"10":{"start":{"line":28,"column":4},"end":{"line":36,"column":6}},"11":{"start":{"line":32,"column":8},"end":{"line":32,"column":14}},"12":{"start":{"line":35,"column":8},"end":{"line":35,"column":14}},"13":{"start":{"line":82,"column":0},"end":{"line":82,"column":62}}},"fnMap":{"0":{"name":"(anonymous_0)","decl":{"start":{"line":4,"column":20},"end":{"line":4,"column":21}},"loc":{"start":{"line":4,"column":26},"end":{"line":14,"column":1}},"line":4},"1":{"name":"(anonymous_1)","decl":{"start":{"line":8,"column":10},"end":{"line":8,"column":11}},"loc":{"start":{"line":8,"column":18},"end":{"line":10,"column":5}},"line":8},"2":{"name":"(anonymous_2)","decl":{"start":{"line":11,"column":11},"end":{"line":11,"column":12}},"loc":{"start":{"line":11,"column":18},"end":{"line":13,"column":5}},"line":11},"3":{"name":"(anonymous_3)","decl":{"start":{"line":15,"column":21},"end":{"line":15,"column":22}},"loc":{"start":{"line":15,"column":27},"end":{"line":25,"column":1}},"line":15},"4":{"name":"(anonymous_4)","decl":{"start":{"line":19,"column":10},"end":{"line":19,"column":11}},"loc":{"start":{"line":19,"column":18},"end":{"line":21,"column":5}},"line":19},"5":{"name":"(anonymous_5)","decl":{"start":{"line":22,"column":11},"end":{"line":22,"column":12}},"loc":{"start":{"line":22,"column":18},"end":{"line":24,"column":5}},"line":22},"6":{"name":"(anonymous_6)","decl":{"start":{"line":27,"column":23},"end":{"line":27,"column":24}},"loc":{"start":{"line":27,"column":29},"end":{"line":37,"column":1}},"line":27},"7":{"name":"(anonymous_7)","decl":{"start":{"line":31,"column":10},"end":{"line":31,"column":11}},"loc":{"start":{"line":31,"column":18},"end":{"line":33,"column":5}},"line":31},"8":{"name":"(anonymous_8)","decl":{"start":{"line":34,"column":11},"end":{"line":34,"column":12}},"loc":{"start":{"line":34,"column":18},"end":{"line":36,"column":5}},"line":34}},"branchMap":{},"s":{"0":4,"1":4,"2":4,"3":0,"4":0,"5":4,"6":4,"7":0,"8":0,"9":4,"10":2,"11":0,"12":0,"13":4},"f":{"0":4,"1":0,"2":0,"3":4,"4":0,"5":0,"6":2,"7":0,"8":0},"b":{},"_coverageSchema":"1a1c01bbd47fc00a2c39e90264f33305004495a9","hash":"5781d779c1fe43df3441e0e4a3b67e1fad15d6a0"}
,"F:\\Hacktiv8\\Fase 3\\week 4\\tdd\\Zoomi-Backend\\middlewares\\authMiddleware.js": {"path":"F:\\Hacktiv8\\Fase 3\\week 4\\tdd\\Zoomi-Backend\\middlewares\\authMiddleware.js","statementMap":{"0":{"start":{"line":1,"column":52},"end":{"line":1,"column":72}},"1":{"start":{"line":2,"column":24},"end":{"line":2,"column":58}},"2":{"start":{"line":4,"column":21},"end":{"line":27,"column":1}},"3":{"start":{"line":5,"column":4},"end":{"line":26,"column":5}},"4":{"start":{"line":6,"column":23},"end":{"line":6,"column":64}},"5":{"start":{"line":7,"column":8},"end":{"line":23,"column":9}},"6":{"start":{"line":8,"column":12},"end":{"line":20,"column":14}},"7":{"start":{"line":15,"column":16},"end":{"line":15,"column":43}},"8":{"start":{"line":16,"column":16},"end":{"line":16,"column":22}},"9":{"start":{"line":19,"column":16},"end":{"line":19,"column":25}},"10":{"start":{"line":22,"column":12},"end":{"line":22,"column":50}},"11":{"start":{"line":25,"column":8},"end":{"line":25,"column":46}},"12":{"start":{"line":29,"column":18},"end":{"line":46,"column":1}},"13":{"start":{"line":30,"column":4},"end":{"line":45,"column":6}},"14":{"start":{"line":37,"column":8},"end":{"line":41,"column":9}},"15":{"start":{"line":38,"column":12},"end":{"line":38,"column":18}},"16":{"start":{"line":40,"column":12},"end":{"line":40,"column":49}},"17":{"start":{"line":44,"column":8},"end":{"line":44,"column":17}},"18":{"start":{"line":48,"column":27},"end":{"line":73,"column":1}},"19":{"start":{"line":49,"column":4},"end":{"line":72,"column":6}},"20":{"start":{"line":56,"column":8},"end":{"line":61,"column":10}},"21":{"start":{"line":64,"column":8},"end":{"line":68,"column":9}},"22":{"start":{"line":65,"column":12},"end":{"line":65,"column":18}},"23":{"start":{"line":67,"column":12},"end":{"line":67,"column":49}},"24":{"start":{"line":71,"column":8},"end":{"line":71,"column":17}},"25":{"start":{"line":75,"column":29},"end":{"line":118,"column":1}},"26":{"start":{"line":76,"column":4},"end":{"line":117,"column":6}},"27":{"start":{"line":83,"column":8},"end":{"line":106,"column":9}},"28":{"start":{"line":84,"column":12},"end":{"line":89,"column":14}},"29":{"start":{"line":91,"column":12},"end":{"line":105,"column":13}},"30":{"start":{"line":98,"column":20},"end":{"line":103,"column":22}},"31":{"start":{"line":109,"column":8},"end":{"line":113,"column":9}},"32":{"start":{"line":110,"column":12},"end":{"line":110,"column":18}},"33":{"start":{"line":112,"column":12},"end":{"line":112,"column":49}},"34":{"start":{"line":116,"column":8},"end":{"line":116,"column":17}},"35":{"start":{"line":121,"column":0},"end":{"line":121,"column":84}}},"fnMap":{"0":{"name":"(anonymous_0)","decl":{"start":{"line":4,"column":21},"end":{"line":4,"column":22}},"loc":{"start":{"line":4,"column":50},"end":{"line":27,"column":1}},"line":4},"1":{"name":"(anonymous_1)","decl":{"start":{"line":14,"column":18},"end":{"line":14,"column":19}},"loc":{"start":{"line":14,"column":26},"end":{"line":17,"column":13}},"line":14},"2":{"name":"(anonymous_2)","decl":{"start":{"line":18,"column":19},"end":{"line":18,"column":20}},"loc":{"start":{"line":18,"column":26},"end":{"line":20,"column":13}},"line":18},"3":{"name":"(anonymous_3)","decl":{"start":{"line":29,"column":18},"end":{"line":29,"column":19}},"loc":{"start":{"line":29,"column":47},"end":{"line":46,"column":1}},"line":29},"4":{"name":"(anonymous_4)","decl":{"start":{"line":36,"column":10},"end":{"line":36,"column":11}},"loc":{"start":{"line":36,"column":18},"end":{"line":42,"column":5}},"line":36},"5":{"name":"(anonymous_5)","decl":{"start":{"line":43,"column":11},"end":{"line":43,"column":12}},"loc":{"start":{"line":43,"column":18},"end":{"line":45,"column":5}},"line":43},"6":{"name":"(anonymous_6)","decl":{"start":{"line":48,"column":27},"end":{"line":48,"column":28}},"loc":{"start":{"line":48,"column":56},"end":{"line":73,"column":1}},"line":48},"7":{"name":"(anonymous_7)","decl":{"start":{"line":55,"column":10},"end":{"line":55,"column":11}},"loc":{"start":{"line":55,"column":18},"end":{"line":62,"column":5}},"line":55},"8":{"name":"(anonymous_8)","decl":{"start":{"line":63,"column":10},"end":{"line":63,"column":11}},"loc":{"start":{"line":63,"column":18},"end":{"line":69,"column":5}},"line":63},"9":{"name":"(anonymous_9)","decl":{"start":{"line":70,"column":11},"end":{"line":70,"column":12}},"loc":{"start":{"line":70,"column":18},"end":{"line":72,"column":5}},"line":70},"10":{"name":"(anonymous_10)","decl":{"start":{"line":75,"column":29},"end":{"line":75,"column":30}},"loc":{"start":{"line":75,"column":58},"end":{"line":118,"column":1}},"line":75},"11":{"name":"(anonymous_11)","decl":{"start":{"line":82,"column":10},"end":{"line":82,"column":11}},"loc":{"start":{"line":82,"column":18},"end":{"line":107,"column":5}},"line":82},"12":{"name":"(anonymous_12)","decl":{"start":{"line":97,"column":22},"end":{"line":97,"column":23}},"loc":{"start":{"line":97,"column":31},"end":{"line":104,"column":17}},"line":97},"13":{"name":"(anonymous_13)","decl":{"start":{"line":108,"column":10},"end":{"line":108,"column":11}},"loc":{"start":{"line":108,"column":18},"end":{"line":114,"column":5}},"line":108},"14":{"name":"(anonymous_14)","decl":{"start":{"line":115,"column":11},"end":{"line":115,"column":12}},"loc":{"start":{"line":115,"column":18},"end":{"line":117,"column":5}},"line":115}},"branchMap":{"0":{"loc":{"start":{"line":5,"column":4},"end":{"line":26,"column":5}},"type":"if","locations":[{"start":{"line":5,"column":4},"end":{"line":26,"column":5}},{"start":{"line":5,"column":4},"end":{"line":26,"column":5}}],"line":5},"1":{"loc":{"start":{"line":7,"column":8},"end":{"line":23,"column":9}},"type":"if","locations":[{"start":{"line":7,"column":8},"end":{"line":23,"column":9}},{"start":{"line":7,"column":8},"end":{"line":23,"column":9}}],"line":7},"2":{"loc":{"start":{"line":7,"column":12},"end":{"line":7,"column":44}},"type":"binary-expr","locations":[{"start":{"line":7,"column":12},"end":{"line":7,"column":23}},{"start":{"line":7,"column":27},"end":{"line":7,"column":44}}],"line":7},"3":{"loc":{"start":{"line":37,"column":8},"end":{"line":41,"column":9}},"type":"if","locations":[{"start":{"line":37,"column":8},"end":{"line":41,"column":9}},{"start":{"line":37,"column":8},"end":{"line":41,"column":9}}],"line":37},"4":{"loc":{"start":{"line":64,"column":8},"end":{"line":68,"column":9}},"type":"if","locations":[{"start":{"line":64,"column":8},"end":{"line":68,"column":9}},{"start":{"line":64,"column":8},"end":{"line":68,"column":9}}],"line":64},"5":{"loc":{"start":{"line":83,"column":8},"end":{"line":106,"column":9}},"type":"if","locations":[{"start":{"line":83,"column":8},"end":{"line":106,"column":9}},{"start":{"line":83,"column":8},"end":{"line":106,"column":9}}],"line":83},"6":{"loc":{"start":{"line":109,"column":8},"end":{"line":113,"column":9}},"type":"if","locations":[{"start":{"line":109,"column":8},"end":{"line":113,"column":9}},{"start":{"line":109,"column":8},"end":{"line":113,"column":9}}],"line":109},"7":{"loc":{"start":{"line":109,"column":12},"end":{"line":109,"column":59}},"type":"binary-expr","locations":[{"start":{"line":109,"column":12},"end":{"line":109,"column":16}},{"start":{"line":109,"column":20},"end":{"line":109,"column":59}}],"line":109}},"s":{"0":4,"1":4,"2":4,"3":27,"4":22,"5":22,"6":22,"7":22,"8":22,"9":0,"10":0,"11":5,"12":4,"13":1,"14":1,"15":1,"16":0,"17":0,"18":4,"19":0,"20":0,"21":0,"22":0,"23":0,"24":0,"25":4,"26":4,"27":4,"28":4,"29":0,"30":0,"31":3,"32":3,"33":0,"34":1,"35":4},"f":{"0":27,"1":22,"2":0,"3":1,"4":1,"5":0,"6":0,"7":0,"8":0,"9":0,"10":4,"11":4,"12":0,"13":3,"14":1},"b":{"0":[22,5],"1":[22,0],"2":[22,22],"3":[1,0],"4":[0,0],"5":[4,0],"6":[3,0],"7":[3,3]},"_coverageSchema":"1a1c01bbd47fc00a2c39e90264f33305004495a9","hash":"be70e08aa3b9820bab28a87b416cf395a8bf2f22"}
,"F:\\Hacktiv8\\Fase 3\\week 4\\tdd\\Zoomi-Backend\\models\\chats.js": {"path":"F:\\Hacktiv8\\Fase 3\\week 4\\tdd\\Zoomi-Backend\\models\\chats.js","statementMap":{"0":{"start":{"line":4,"column":4},"end":{"line":4,"column":24}},"1":{"start":{"line":5,"column":0},"end":{"line":33,"column":2}},"2":{"start":{"line":14,"column":6},"end":{"line":16,"column":8}},"3":{"start":{"line":17,"column":6},"end":{"line":19,"column":8}},"4":{"start":{"line":20,"column":6},"end":{"line":22,"column":8}},"5":{"start":{"line":25,"column":2},"end":{"line":31,"column":5}},"6":{"start":{"line":32,"column":2},"end":{"line":32,"column":15}}},"fnMap":{"0":{"name":"(anonymous_0)","decl":{"start":{"line":5,"column":17},"end":{"line":5,"column":18}},"loc":{"start":{"line":5,"column":43},"end":{"line":33,"column":1}},"line":5},"1":{"name":"(anonymous_1)","decl":{"start":{"line":12,"column":4},"end":{"line":12,"column":5}},"loc":{"start":{"line":12,"column":29},"end":{"line":23,"column":5}},"line":12}},"branchMap":{},"s":{"0":4,"1":4,"2":4,"3":4,"4":4,"5":4,"6":4},"f":{"0":4,"1":4},"b":{},"_coverageSchema":"1a1c01bbd47fc00a2c39e90264f33305004495a9","hash":"8962427974fd79c4b794195ec7e6a433da2cb37c"}
,"F:\\Hacktiv8\\Fase 3\\week 4\\tdd\\Zoomi-Backend\\models\\favorites.js": {"path":"F:\\Hacktiv8\\Fase 3\\week 4\\tdd\\Zoomi-Backend\\models\\favorites.js","statementMap":{"0":{"start":{"line":4,"column":4},"end":{"line":4,"column":24}},"1":{"start":{"line":5,"column":0},"end":{"line":29,"column":2}},"2":{"start":{"line":14,"column":6},"end":{"line":16,"column":8}},"3":{"start":{"line":17,"column":6},"end":{"line":19,"column":8}},"4":{"start":{"line":22,"column":2},"end":{"line":27,"column":5}},"5":{"start":{"line":28,"column":2},"end":{"line":28,"column":19}}},"fnMap":{"0":{"name":"(anonymous_0)","decl":{"start":{"line":5,"column":17},"end":{"line":5,"column":18}},"loc":{"start":{"line":5,"column":43},"end":{"line":29,"column":1}},"line":5},"1":{"name":"(anonymous_1)","decl":{"start":{"line":12,"column":4},"end":{"line":12,"column":5}},"loc":{"start":{"line":12,"column":29},"end":{"line":20,"column":5}},"line":12}},"branchMap":{},"s":{"0":4,"1":4,"2":4,"3":4,"4":4,"5":4},"f":{"0":4,"1":4},"b":{},"_coverageSchema":"1a1c01bbd47fc00a2c39e90264f33305004495a9","hash":"449ac953f22163750c22e6cb6605802238499aa9"}
,"F:\\Hacktiv8\\Fase 3\\week 4\\tdd\\Zoomi-Backend\\models\\garages.js": {"path":"F:\\Hacktiv8\\Fase 3\\week 4\\tdd\\Zoomi-Backend\\models\\garages.js","statementMap":{"0":{"start":{"line":4,"column":4},"end":{"line":4,"column":24}},"1":{"start":{"line":5,"column":0},"end":{"line":67,"column":2}},"2":{"start":{"line":14,"column":6},"end":{"line":16,"column":8}},"3":{"start":{"line":17,"column":6},"end":{"line":19,"column":8}},"4":{"start":{"line":20,"column":6},"end":{"line":22,"column":8}},"5":{"start":{"line":23,"column":6},"end":{"line":25,"column":8}},"6":{"start":{"line":26,"column":6},"end":{"line":28,"column":8}},"7":{"start":{"line":31,"column":2},"end":{"line":65,"column":5}},"8":{"start":{"line":66,"column":2},"end":{"line":66,"column":17}}},"fnMap":{"0":{"name":"(anonymous_0)","decl":{"start":{"line":5,"column":17},"end":{"line":5,"column":18}},"loc":{"start":{"line":5,"column":43},"end":{"line":67,"column":1}},"line":5},"1":{"name":"(anonymous_1)","decl":{"start":{"line":12,"column":4},"end":{"line":12,"column":5}},"loc":{"start":{"line":12,"column":29},"end":{"line":29,"column":5}},"line":12}},"branchMap":{},"s":{"0":4,"1":4,"2":4,"3":4,"4":4,"5":4,"6":4,"7":4,"8":4},"f":{"0":4,"1":4},"b":{},"_coverageSchema":"1a1c01bbd47fc00a2c39e90264f33305004495a9","hash":"337f3b523548ba429c48133b23512650786ef425"}
,"F:\\Hacktiv8\\Fase 3\\week 4\\tdd\\Zoomi-Backend\\models\\index.js": {"path":"F:\\Hacktiv8\\Fase 3\\week 4\\tdd\\Zoomi-Backend\\models\\index.js","statementMap":{"0":{"start":{"line":3,"column":11},"end":{"line":3,"column":24}},"1":{"start":{"line":4,"column":13},"end":{"line":4,"column":28}},"2":{"start":{"line":5,"column":18},"end":{"line":5,"column":38}},"3":{"start":{"line":6,"column":17},"end":{"line":6,"column":42}},"4":{"start":{"line":7,"column":12},"end":{"line":7,"column":49}},"5":{"start":{"line":8,"column":15},"end":{"line":8,"column":65}},"6":{"start":{"line":9,"column":11},"end":{"line":9,"column":13}},"7":{"start":{"line":12,"column":0},"end":{"line":16,"column":1}},"8":{"start":{"line":13,"column":2},"end":{"line":13,"column":74}},"9":{"start":{"line":15,"column":2},"end":{"line":15,"column":87}},"10":{"start":{"line":18,"column":0},"end":{"line":26,"column":5}},"11":{"start":{"line":21,"column":4},"end":{"line":21,"column":90}},"12":{"start":{"line":24,"column":18},"end":{"line":24,"column":85}},"13":{"start":{"line":25,"column":4},"end":{"line":25,"column":27}},"14":{"start":{"line":28,"column":0},"end":{"line":32,"column":3}},"15":{"start":{"line":29,"column":2},"end":{"line":31,"column":3}},"16":{"start":{"line":30,"column":4},"end":{"line":30,"column":32}},"17":{"start":{"line":34,"column":0},"end":{"line":34,"column":25}},"18":{"start":{"line":35,"column":0},"end":{"line":35,"column":25}},"19":{"start":{"line":37,"column":0},"end":{"line":37,"column":20}}},"fnMap":{"0":{"name":"(anonymous_0)","decl":{"start":{"line":20,"column":10},"end":{"line":20,"column":11}},"loc":{"start":{"line":20,"column":18},"end":{"line":22,"column":3}},"line":20},"1":{"name":"(anonymous_1)","decl":{"start":{"line":23,"column":11},"end":{"line":23,"column":12}},"loc":{"start":{"line":23,"column":19},"end":{"line":26,"column":3}},"line":23},"2":{"name":"(anonymous_2)","decl":{"start":{"line":28,"column":24},"end":{"line":28,"column":25}},"loc":{"start":{"line":28,"column":37},"end":{"line":32,"column":1}},"line":28}},"branchMap":{"0":{"loc":{"start":{"line":7,"column":12},"end":{"line":7,"column":49}},"type":"binary-expr","locations":[{"start":{"line":7,"column":12},"end":{"line":7,"column":32}},{"start":{"line":7,"column":36},"end":{"line":7,"column":49}}],"line":7},"1":{"loc":{"start":{"line":12,"column":0},"end":{"line":16,"column":1}},"type":"if","locations":[{"start":{"line":12,"column":0},"end":{"line":16,"column":1}},{"start":{"line":12,"column":0},"end":{"line":16,"column":1}}],"line":12},"2":{"loc":{"start":{"line":21,"column":11},"end":{"line":21,"column":89}},"type":"binary-expr","locations":[{"start":{"line":21,"column":12},"end":{"line":21,"column":35}},{"start":{"line":21,"column":41},"end":{"line":21,"column":58}},{"start":{"line":21,"column":64},"end":{"line":21,"column":88}}],"line":21},"3":{"loc":{"start":{"line":29,"column":2},"end":{"line":31,"column":3}},"type":"if","locations":[{"start":{"line":29,"column":2},"end":{"line":31,"column":3}},{"start":{"line":29,"column":2},"end":{"line":31,"column":3}}],"line":29}},"s":{"0":4,"1":4,"2":4,"3":4,"4":4,"5":4,"6":4,"7":4,"8":0,"9":4,"10":4,"11":32,"12":28,"13":28,"14":4,"15":28,"16":28,"17":4,"18":4,"19":4},"f":{"0":32,"1":28,"2":28},"b":{"0":[4,0],"1":[0,4],"2":[32,32,28],"3":[28,0]},"_coverageSchema":"1a1c01bbd47fc00a2c39e90264f33305004495a9","hash":"b6f62238bcf0621f458e8966e3bac7dd7cdabdba"}
,"F:\\Hacktiv8\\Fase 3\\week 4\\tdd\\Zoomi-Backend\\models\\items.js": {"path":"F:\\Hacktiv8\\Fase 3\\week 4\\tdd\\Zoomi-Backend\\models\\items.js","statementMap":{"0":{"start":{"line":4,"column":4},"end":{"line":4,"column":24}},"1":{"start":{"line":5,"column":0},"end":{"line":44,"column":2}},"2":{"start":{"line":14,"column":6},"end":{"line":16,"column":8}},"3":{"start":{"line":17,"column":6},"end":{"line":19,"column":8}},"4":{"start":{"line":22,"column":2},"end":{"line":42,"column":5}},"5":{"start":{"line":43,"column":2},"end":{"line":43,"column":15}}},"fnMap":{"0":{"name":"(anonymous_0)","decl":{"start":{"line":5,"column":17},"end":{"line":5,"column":18}},"loc":{"start":{"line":5,"column":43},"end":{"line":44,"column":1}},"line":5},"1":{"name":"(anonymous_1)","decl":{"start":{"line":12,"column":4},"end":{"line":12,"column":5}},"loc":{"start":{"line":12,"column":29},"end":{"line":20,"column":5}},"line":12}},"branchMap":{},"s":{"0":4,"1":4,"2":4,"3":4,"4":4,"5":4},"f":{"0":4,"1":4},"b":{},"_coverageSchema":"1a1c01bbd47fc00a2c39e90264f33305004495a9","hash":"92741e985e241c0a1b651009c7a6164950cc73fd"}
,"F:\\Hacktiv8\\Fase 3\\week 4\\tdd\\Zoomi-Backend\\models\\orders.js": {"path":"F:\\Hacktiv8\\Fase 3\\week 4\\tdd\\Zoomi-Backend\\models\\orders.js","statementMap":{"0":{"start":{"line":4,"column":4},"end":{"line":4,"column":24}},"1":{"start":{"line":5,"column":0},"end":{"line":29,"column":2}},"2":{"start":{"line":14,"column":6},"end":{"line":16,"column":8}},"3":{"start":{"line":17,"column":6},"end":{"line":19,"column":8}},"4":{"start":{"line":22,"column":2},"end":{"line":27,"column":5}},"5":{"start":{"line":28,"column":2},"end":{"line":28,"column":16}}},"fnMap":{"0":{"name":"(anonymous_0)","decl":{"start":{"line":5,"column":17},"end":{"line":5,"column":18}},"loc":{"start":{"line":5,"column":43},"end":{"line":29,"column":1}},"line":5},"1":{"name":"(anonymous_1)","decl":{"start":{"line":12,"column":4},"end":{"line":12,"column":5}},"loc":{"start":{"line":12,"column":29},"end":{"line":20,"column":5}},"line":12}},"branchMap":{},"s":{"0":4,"1":4,"2":4,"3":4,"4":4,"5":4},"f":{"0":4,"1":4},"b":{},"_coverageSchema":"1a1c01bbd47fc00a2c39e90264f33305004495a9","hash":"797a71b7b58b0dce372f4408c90d6ee217fbb4e5"}
,"F:\\Hacktiv8\\Fase 3\\week 4\\tdd\\Zoomi-Backend\\models\\transactions.js": {"path":"F:\\Hacktiv8\\Fase 3\\week 4\\tdd\\Zoomi-Backend\\models\\transactions.js","statementMap":{"0":{"start":{"line":4,"column":4},"end":{"line":4,"column":24}},"1":{"start":{"line":5,"column":0},"end":{"line":34,"column":2}},"2":{"start":{"line":14,"column":6},"end":{"line":16,"column":8}},"3":{"start":{"line":17,"column":6},"end":{"line":19,"column":8}},"4":{"start":{"line":20,"column":6},"end":{"line":22,"column":8}},"5":{"start":{"line":25,"column":2},"end":{"line":32,"column":5}},"6":{"start":{"line":33,"column":2},"end":{"line":33,"column":22}}},"fnMap":{"0":{"name":"(anonymous_0)","decl":{"start":{"line":5,"column":17},"end":{"line":5,"column":18}},"loc":{"start":{"line":5,"column":43},"end":{"line":34,"column":1}},"line":5},"1":{"name":"(anonymous_1)","decl":{"start":{"line":12,"column":4},"end":{"line":12,"column":5}},"loc":{"start":{"line":12,"column":29},"end":{"line":23,"column":5}},"line":12}},"branchMap":{},"s":{"0":4,"1":4,"2":4,"3":4,"4":4,"5":4,"6":4},"f":{"0":4,"1":4},"b":{},"_coverageSchema":"1a1c01bbd47fc00a2c39e90264f33305004495a9","hash":"686be24e979823e99e92e62f807b2c839a2f1573"}
,"F:\\Hacktiv8\\Fase 3\\week 4\\tdd\\Zoomi-Backend\\models\\users.js": {"path":"F:\\Hacktiv8\\Fase 3\\week 4\\tdd\\Zoomi-Backend\\models\\users.js","statementMap":{"0":{"start":{"line":4,"column":4},"end":{"line":4,"column":24}},"1":{"start":{"line":5,"column":15},"end":{"line":5,"column":54}},"2":{"start":{"line":6,"column":0},"end":{"line":86,"column":2}},"3":{"start":{"line":15,"column":6},"end":{"line":17,"column":8}},"4":{"start":{"line":18,"column":6},"end":{"line":20,"column":8}},"5":{"start":{"line":21,"column":6},"end":{"line":23,"column":8}},"6":{"start":{"line":24,"column":6},"end":{"line":26,"column":8}},"7":{"start":{"line":29,"column":2},"end":{"line":84,"column":5}},"8":{"start":{"line":79,"column":8},"end":{"line":79,"column":43}},"9":{"start":{"line":85,"column":2},"end":{"line":85,"column":15}}},"fnMap":{"0":{"name":"(anonymous_0)","decl":{"start":{"line":6,"column":17},"end":{"line":6,"column":18}},"loc":{"start":{"line":6,"column":43},"end":{"line":86,"column":1}},"line":6},"1":{"name":"(anonymous_1)","decl":{"start":{"line":13,"column":4},"end":{"line":13,"column":5}},"loc":{"start":{"line":13,"column":29},"end":{"line":27,"column":5}},"line":13},"2":{"name":"(anonymous_2)","decl":{"start":{"line":78,"column":21},"end":{"line":78,"column":22}},"loc":{"start":{"line":78,"column":35},"end":{"line":80,"column":7}},"line":78}},"branchMap":{},"s":{"0":4,"1":4,"2":4,"3":4,"4":4,"5":4,"6":4,"7":4,"8":11,"9":4},"f":{"0":4,"1":4,"2":11},"b":{},"_coverageSchema":"1a1c01bbd47fc00a2c39e90264f33305004495a9","hash":"56c9d70dc46308d427fd008f3871042150e0c2ea"}
,"F:\\Hacktiv8\\Fase 3\\week 4\\tdd\\Zoomi-Backend\\routes\\favorites.js": {"path":"F:\\Hacktiv8\\Fase 3\\week 4\\tdd\\Zoomi-Backend\\routes\\favorites.js","statementMap":{"0":{"start":{"line":1,"column":16},"end":{"line":1,"column":34}},"1":{"start":{"line":2,"column":43},"end":{"line":2,"column":86}},"2":{"start":{"line":3,"column":19},"end":{"line":3,"column":66}},"3":{"start":{"line":4,"column":15},"end":{"line":4,"column":31}},"4":{"start":{"line":7,"column":0},"end":{"line":7,"column":24}},"5":{"start":{"line":8,"column":0},"end":{"line":8,"column":33}},"6":{"start":{"line":9,"column":0},"end":{"line":9,"column":35}},"7":{"start":{"line":10,"column":0},"end":{"line":10,"column":37}},"8":{"start":{"line":11,"column":0},"end":{"line":11,"column":40}},"9":{"start":{"line":14,"column":0},"end":{"line":14,"column":23}}},"fnMap":{},"branchMap":{},"s":{"0":4,"1":4,"2":4,"3":4,"4":4,"5":4,"6":4,"7":4,"8":4,"9":4},"f":{},"b":{},"_coverageSchema":"1a1c01bbd47fc00a2c39e90264f33305004495a9","hash":"47b67a794fa1bf800c5b12e217dc9f3e98598277"}
,"F:\\Hacktiv8\\Fase 3\\week 4\\tdd\\Zoomi-Backend\\routes\\index.js": {"path":"F:\\Hacktiv8\\Fase 3\\week 4\\tdd\\Zoomi-Backend\\routes\\index.js","statementMap":{"0":{"start":{"line":1,"column":16},"end":{"line":1,"column":34}},"1":{"start":{"line":2,"column":15},"end":{"line":2,"column":31}},"2":{"start":{"line":3,"column":25},"end":{"line":3,"column":65}},"3":{"start":{"line":4,"column":25},"end":{"line":4,"column":67}},"4":{"start":{"line":5,"column":23},"end":{"line":5,"column":66}},"5":{"start":{"line":6,"column":23},"end":{"line":6,"column":66}},"6":{"start":{"line":8,"column":14},"end":{"line":8,"column":35}},"7":{"start":{"line":9,"column":18},"end":{"line":9,"column":43}},"8":{"start":{"line":10,"column":21},"end":{"line":10,"column":49}},"9":{"start":{"line":12,"column":0},"end":{"line":12,"column":48}},"10":{"start":{"line":13,"column":0},"end":{"line":13,"column":66}},"11":{"start":{"line":14,"column":0},"end":{"line":14,"column":77}},"12":{"start":{"line":15,"column":0},"end":{"line":15,"column":42}},"13":{"start":{"line":18,"column":0},"end":{"line":18,"column":46}},"14":{"start":{"line":19,"column":0},"end":{"line":19,"column":60}},"15":{"start":{"line":20,"column":0},"end":{"line":20,"column":64}},"16":{"start":{"line":29,"column":0},"end":{"line":29,"column":27}},"17":{"start":{"line":30,"column":0},"end":{"line":30,"column":36}},"18":{"start":{"line":31,"column":0},"end":{"line":31,"column":42}},"19":{"start":{"line":37,"column":0},"end":{"line":37,"column":23}}},"fnMap":{},"branchMap":{},"s":{"0":4,"1":4,"2":4,"3":4,"4":4,"5":4,"6":4,"7":4,"8":4,"9":4,"10":4,"11":4,"12":4,"13":4,"14":4,"15":4,"16":4,"17":4,"18":4,"19":4},"f":{},"b":{},"_coverageSchema":"1a1c01bbd47fc00a2c39e90264f33305004495a9","hash":"dd026322c3f8b3438d012da4cca84f5055c2a235"}
,"F:\\Hacktiv8\\Fase 3\\week 4\\tdd\\Zoomi-Backend\\routes\\transactions.js": {"path":"F:\\Hacktiv8\\Fase 3\\week 4\\tdd\\Zoomi-Backend\\routes\\transactions.js","statementMap":{"0":{"start":{"line":1,"column":16},"end":{"line":1,"column":34}},"1":{"start":{"line":2,"column":45},"end":{"line":2,"column":88}},"2":{"start":{"line":3,"column":19},"end":{"line":3,"column":69}},"3":{"start":{"line":4,"column":15},"end":{"line":4,"column":31}},"4":{"start":{"line":6,"column":0},"end":{"line":6,"column":24}},"5":{"start":{"line":7,"column":0},"end":{"line":7,"column":33}},"6":{"start":{"line":8,"column":0},"end":{"line":8,"column":35}},"7":{"start":{"line":9,"column":0},"end":{"line":9,"column":60}},"8":{"start":{"line":10,"column":0},"end":{"line":10,"column":59}},"9":{"start":{"line":11,"column":0},"end":{"line":11,"column":67}},"10":{"start":{"line":14,"column":0},"end":{"line":14,"column":23}}},"fnMap":{},"branchMap":{},"s":{"0":4,"1":4,"2":4,"3":4,"4":4,"5":4,"6":4,"7":4,"8":4,"9":4,"10":4},"f":{},"b":{},"_coverageSchema":"1a1c01bbd47fc00a2c39e90264f33305004495a9","hash":"723ceff213cda29e33dadfe5f53e96d4a5af68e6"}
,"F:\\Hacktiv8\\Fase 3\\week 4\\tdd\\Zoomi-Backend\\routes\\users.js": {"path":"F:\\Hacktiv8\\Fase 3\\week 4\\tdd\\Zoomi-Backend\\routes\\users.js","statementMap":{"0":{"start":{"line":1,"column":16},"end":{"line":1,"column":34}},"1":{"start":{"line":2,"column":34},"end":{"line":2,"column":77}},"2":{"start":{"line":3,"column":19},"end":{"line":3,"column":62}},"3":{"start":{"line":4,"column":15},"end":{"line":4,"column":31}},"4":{"start":{"line":7,"column":0},"end":{"line":7,"column":33}},"5":{"start":{"line":8,"column":0},"end":{"line":8,"column":24}},"6":{"start":{"line":9,"column":0},"end":{"line":9,"column":46}},"7":{"start":{"line":13,"column":0},"end":{"line":13,"column":23}}},"fnMap":{},"branchMap":{},"s":{"0":4,"1":4,"2":4,"3":4,"4":4,"5":4,"6":4,"7":4},"f":{},"b":{},"_coverageSchema":"1a1c01bbd47fc00a2c39e90264f33305004495a9","hash":"0b79c54491b801a0428f7f47942a02b448170445"}
}
