TN:
SF:app.js
FNF:0
FNH:0
DA:1,4
DA:2,4
DA:3,4
DA:4,4
DA:5,4
DA:6,4
DA:7,4
DA:9,4
DA:10,4
DA:11,4
DA:14,4
DA:16,4
DA:19,4
LF:13
LH:13
BRDA:6,0,0,4
BRDA:6,0,1,4
BRF:2
BRH:2
end_of_record
TN:
SF:controllers\authController.js
FN:7,(anonymous_0)
FN:20,(anonymous_1)
FN:25,(anonymous_2)
FN:29,(anonymous_3)
FN:39,(anonymous_4)
FN:58,(anonymous_5)
FNF:6
FNH:5
FNDA:2,(anonymous_0)
FNDA:2,(anonymous_1)
FNDA:0,(anonymous_2)
FNDA:15,(anonymous_3)
FNDA:10,(anonymous_4)
FNDA:6,(anonymous_5)
DA:1,4
DA:2,4
DA:3,4
DA:4,4
DA:8,2
DA:19,2
DA:21,2
DA:22,2
DA:23,2
DA:26,0
DA:30,15
DA:34,15
DA:40,10
DA:41,6
DA:42,3
DA:47,3
DA:48,3
DA:49,3
DA:50,3
DA:52,2
DA:55,4
DA:59,6
DA:64,4
LF:23
LH:22
BRDA:9,0,0,2
BRDA:9,0,1,0
BRDA:10,1,0,2
BRDA:10,1,1,0
BRDA:11,2,0,2
BRDA:11,2,1,0
BRDA:12,3,0,2
BRDA:12,3,1,0
BRDA:13,4,0,0
BRDA:13,4,1,2
BRDA:40,5,0,6
BRDA:40,5,1,4
BRDA:41,6,0,3
BRDA:41,6,1,2
BRF:14
BRH:9
end_of_record
TN:
SF:controllers\favoriteController.js
FN:5,(anonymous_0)
FN:28,(anonymous_1)
FN:31,(anonymous_2)
FN:35,(anonymous_3)
FN:51,(anonymous_4)
FN:54,(anonymous_5)
FN:58,(anonymous_6)
FN:64,(anonymous_7)
FN:67,(anonymous_8)
FN:72,(anonymous_9)
FN:78,(anonymous_10)
FN:81,(anonymous_11)
FNF:12
FNH:9
FNDA:1,(anonymous_0)
FNDA:1,(anonymous_1)
FNDA:0,(anonymous_2)
FNDA:1,(anonymous_3)
FNDA:1,(anonymous_4)
FNDA:0,(anonymous_5)
FNDA:4,(anonymous_6)
FNDA:3,(anonymous_7)
FNDA:1,(anonymous_8)
FNDA:1,(anonymous_9)
FNDA:1,(anonymous_10)
FNDA:0,(anonymous_11)
DA:1,4
DA:2,4
DA:6,1
DA:7,1
DA:8,0
DA:10,1
DA:12,1
DA:29,1
DA:32,0
DA:36,1
DA:52,1
DA:55,0
DA:59,4
DA:63,4
DA:65,3
DA:68,1
DA:73,1
DA:79,1
DA:82,0
DA:87,4
LF:20
LH:16
BRDA:7,0,0,0
BRDA:7,0,1,1
BRF:2
BRH:1
end_of_record
TN:
SF:controllers\garageController.js
FN:5,(anonymous_0)
FN:23,(anonymous_1)
FN:32,(anonymous_2)
FN:35,(anonymous_3)
FN:40,(anonymous_4)
FN:46,(anonymous_5)
FN:52,(anonymous_6)
FN:61,(anonymous_7)
FN:66,(anonymous_8)
FN:80,(anonymous_9)
FN:88,(anonymous_10)
FNF:11
FNH:7
FNDA:1,(anonymous_0)
FNDA:1,(anonymous_1)
FNDA:1,(anonymous_2)
FNDA:0,(anonymous_3)
FNDA:0,(anonymous_4)
FNDA:1,(anonymous_5)
FNDA:1,(anonymous_6)
FNDA:0,(anonymous_7)
FNDA:1,(anonymous_8)
FNDA:1,(anonymous_9)
FNDA:0,(anonymous_10)
DA:1,4
DA:7,1
DA:18,1
DA:19,0
DA:22,1
DA:24,1
DA:31,1
DA:33,1
DA:37,0
DA:42,0
DA:47,1
DA:53,1
DA:54,1
DA:55,1
DA:58,0
DA:62,0
DA:67,1
DA:74,1
DA:81,1
DA:82,1
DA:83,1
DA:85,0
DA:89,0
DA:94,4
LF:24
LH:17
BRDA:18,0,0,0
BRDA:18,0,1,1
BRDA:53,1,0,1
BRDA:53,1,1,0
BRDA:68,2,0,1
BRDA:68,2,1,0
BRDA:69,3,0,1
BRDA:69,3,1,0
BRDA:70,4,0,1
BRDA:70,4,1,0
BRDA:81,5,0,1
BRDA:81,5,1,0
BRF:12
BRH:6
end_of_record
TN:
SF:controllers\transactionController.js
FN:5,(anonymous_0)
FN:32,(anonymous_1)
FN:35,(anonymous_2)
FN:39,(anonymous_3)
FN:58,(anonymous_4)
FN:61,(anonymous_5)
FN:66,(anonymous_6)
FN:76,(anonymous_7)
FN:79,(anonymous_8)
FN:84,(anonymous_9)
FN:98,(anonymous_10)
FN:105,(anonymous_11)
FN:109,(anonymous_12)
FN:118,(anonymous_13)
FN:121,(anonymous_14)
FNF:15
FNH:11
FNDA:1,(anonymous_0)
FNDA:1,(anonymous_1)
FNDA:0,(anonymous_2)
FNDA:1,(anonymous_3)
FNDA:1,(anonymous_4)
FNDA:0,(anonymous_5)
FNDA:4,(anonymous_6)
FNDA:3,(anonymous_7)
FNDA:1,(anonymous_8)
FNDA:1,(anonymous_9)
FNDA:1,(anonymous_10)
FNDA:0,(anonymous_11)
FNDA:1,(anonymous_12)
FNDA:1,(anonymous_13)
FNDA:0,(anonymous_14)
DA:1,4
DA:2,4
DA:6,1
DA:7,1
DA:8,0
DA:10,1
DA:11,0
DA:13,1
DA:14,0
DA:16,1
DA:33,1
DA:36,0
DA:40,1
DA:59,1
DA:62,0
DA:67,4
DA:74,4
DA:75,4
DA:77,3
DA:80,1
DA:85,1
DA:89,1
DA:90,0
DA:92,1
DA:99,1
DA:100,1
DA:102,0
DA:106,0
DA:110,1
DA:113,1
DA:119,1
DA:122,0
DA:127,4
LF:33
LH:24
BRDA:7,0,0,0
BRDA:7,0,1,1
BRDA:10,1,0,0
BRDA:10,1,1,1
BRDA:13,2,0,0
BRDA:13,2,1,1
BRDA:89,3,0,0
BRDA:89,3,1,1
BRDA:99,4,0,1
BRDA:99,4,1,0
BRF:10
BRH:5
end_of_record
TN:
SF:controllers\userController.js
FN:5,(anonymous_0)
FN:7,(anonymous_1)
FN:9,(anonymous_2)
FN:12,(anonymous_3)
FN:16,(anonymous_4)
FN:22,(anonymous_5)
FN:27,(anonymous_6)
FN:31,(anonymous_7)
FN:52,(anonymous_8)
FN:61,(anonymous_9)
FN:65,(anonymous_10)
FN:76,(anonymous_11)
FN:85,(anonymous_12)
FNF:13
FNH:10
FNDA:1,(anonymous_0)
FNDA:1,(anonymous_1)
FNDA:2,(anonymous_2)
FNDA:0,(anonymous_3)
FNDA:1,(anonymous_4)
FNDA:1,(anonymous_5)
FNDA:0,(anonymous_6)
FNDA:2,(anonymous_7)
FNDA:1,(anonymous_8)
FNDA:1,(anonymous_9)
FNDA:1,(anonymous_10)
FNDA:1,(anonymous_11)
FNDA:0,(anonymous_12)
DA:1,4
DA:2,4
DA:6,1
DA:8,1
DA:9,2
DA:10,1
DA:13,0
DA:17,1
DA:23,1
DA:24,1
DA:25,1
DA:28,0
DA:32,2
DA:33,2
DA:34,2
DA:36,2
DA:37,0
DA:39,2
DA:40,2
DA:42,2
DA:43,0
DA:45,2
DA:46,2
DA:53,1
DA:54,1
DA:55,1
DA:56,1
DA:58,0
DA:62,1
DA:66,1
DA:67,1
DA:70,1
DA:77,1
DA:80,1
DA:82,0
DA:86,0
DA:89,0
DA:116,4
LF:38
LH:30
BRDA:33,0,0,2
BRDA:33,0,1,0
BRDA:36,1,0,0
BRDA:36,1,1,2
BRDA:39,2,0,2
BRDA:39,2,1,0
BRDA:42,3,0,0
BRDA:42,3,1,2
BRDA:53,4,0,1
BRDA:53,4,1,0
BRDA:66,5,0,1
BRDA:66,5,1,0
BRDA:77,6,0,1
BRDA:77,6,1,0
BRF:14
BRH:7
end_of_record
TN:
SF:helpers\errHandler.js
FN:1,(anonymous_0)
FN:5,(anonymous_1)
FNF:2
FNH:2
FNDA:21,(anonymous_0)
FNDA:1,(anonymous_1)
DA:1,4
DA:2,21
DA:3,4
DA:4,1
DA:5,1
DA:6,1
DA:8,1
DA:9,3
DA:10,0
DA:13,3
DA:16,17
DA:17,17
DA:19,0
DA:23,4
LF:14
LH:12
BRDA:2,0,0,4
BRDA:2,0,1,17
BRDA:3,1,0,1
BRDA:3,1,1,3
BRDA:9,2,0,0
BRDA:9,2,1,3
BRDA:16,3,0,17
BRDA:16,3,1,0
BRF:8
BRH:6
end_of_record
TN:
SF:helpers\jwtHelper.js
FN:3,(anonymous_0)
FN:6,(anonymous_1)
FNF:2
FNH:2
FNDA:9,(anonymous_0)
FNDA:22,(anonymous_1)
DA:1,4
DA:3,4
DA:4,9
DA:6,4
DA:7,22
DA:10,4
LF:6
LH:6
BRF:0
BRH:0
end_of_record
TN:
SF:helpers\passwordHelper.js
FN:3,(anonymous_0)
FN:7,(anonymous_1)
FNF:2
FNH:2
FNDA:12,(anonymous_0)
FNDA:6,(anonymous_1)
DA:1,4
DA:3,4
DA:4,12
DA:7,4
DA:8,6
DA:11,4
LF:6
LH:6
BRF:0
BRH:0
end_of_record
TN:
SF:helpers\testsHelpers.js
FN:4,(anonymous_0)
FN:8,(anonymous_1)
FN:11,(anonymous_2)
FN:15,(anonymous_3)
FN:19,(anonymous_4)
FN:22,(anonymous_5)
FN:27,(anonymous_6)
FN:31,(anonymous_7)
FN:34,(anonymous_8)
FNF:9
FNH:3
FNDA:4,(anonymous_0)
FNDA:0,(anonymous_1)
FNDA:0,(anonymous_2)
FNDA:4,(anonymous_3)
FNDA:0,(anonymous_4)
FNDA:0,(anonymous_5)
FNDA:2,(anonymous_6)
FNDA:0,(anonymous_7)
FNDA:0,(anonymous_8)
DA:1,4
DA:4,4
DA:5,4
DA:9,0
DA:12,0
DA:15,4
DA:16,4
DA:20,0
DA:23,0
DA:27,4
DA:28,2
DA:32,0
DA:35,0
DA:82,4
LF:14
LH:8
BRF:0
BRH:0
end_of_record
TN:
SF:middlewares\authMiddleware.js
FN:4,(anonymous_0)
FN:14,(anonymous_1)
FN:18,(anonymous_2)
FN:29,(anonymous_3)
FN:36,(anonymous_4)
FN:43,(anonymous_5)
FN:48,(anonymous_6)
FN:55,(anonymous_7)
FN:63,(anonymous_8)
FN:70,(anonymous_9)
FN:75,(anonymous_10)
FN:82,(anonymous_11)
FN:97,(anonymous_12)
FN:108,(anonymous_13)
FN:115,(anonymous_14)
FNF:15
FNH:8
FNDA:27,(anonymous_0)
FNDA:22,(anonymous_1)
FNDA:0,(anonymous_2)
FNDA:1,(anonymous_3)
FNDA:1,(anonymous_4)
FNDA:0,(anonymous_5)
FNDA:0,(anonymous_6)
FNDA:0,(anonymous_7)
FNDA:0,(anonymous_8)
FNDA:0,(anonymous_9)
FNDA:4,(anonymous_10)
FNDA:4,(anonymous_11)
FNDA:0,(anonymous_12)
FNDA:3,(anonymous_13)
FNDA:1,(anonymous_14)
DA:1,4
DA:2,4
DA:4,4
DA:5,27
DA:6,22
DA:7,22
DA:8,22
DA:15,22
DA:16,22
DA:19,0
DA:22,0
DA:25,5
DA:29,4
DA:30,1
DA:37,1
DA:38,1
DA:40,0
DA:44,0
DA:48,4
DA:49,0
DA:56,0
DA:64,0
DA:65,0
DA:67,0
DA:71,0
DA:75,4
DA:76,4
DA:83,4
DA:84,4
DA:91,0
DA:98,0
DA:109,3
DA:110,3
DA:112,0
DA:116,1
DA:121,4
LF:36
LH:23
BRDA:5,0,0,22
BRDA:5,0,1,5
BRDA:7,1,0,22
BRDA:7,1,1,0
BRDA:7,2,0,22
BRDA:7,2,1,22
BRDA:37,3,0,1
BRDA:37,3,1,0
BRDA:64,4,0,0
BRDA:64,4,1,0
BRDA:83,5,0,4
BRDA:83,5,1,0
BRDA:109,6,0,3
BRDA:109,6,1,0
BRDA:109,7,0,3
BRDA:109,7,1,3
BRF:16
BRH:10
end_of_record
TN:
SF:models\chats.js
FN:5,(anonymous_0)
FN:12,(anonymous_1)
FNF:2
FNH:2
FNDA:4,(anonymous_0)
FNDA:4,(anonymous_1)
DA:4,4
DA:5,4
DA:14,4
DA:17,4
DA:20,4
DA:25,4
DA:32,4
LF:7
LH:7
BRF:0
BRH:0
end_of_record
TN:
SF:models\favorites.js
FN:5,(anonymous_0)
FN:12,(anonymous_1)
FNF:2
FNH:2
FNDA:4,(anonymous_0)
FNDA:4,(anonymous_1)
DA:4,4
DA:5,4
DA:14,4
DA:17,4
DA:22,4
DA:28,4
LF:6
LH:6
BRF:0
BRH:0
end_of_record
TN:
SF:models\garages.js
FN:5,(anonymous_0)
FN:12,(anonymous_1)
FNF:2
FNH:2
FNDA:4,(anonymous_0)
FNDA:4,(anonymous_1)
DA:4,4
DA:5,4
DA:14,4
DA:17,4
DA:20,4
DA:23,4
DA:26,4
DA:31,4
DA:66,4
LF:9
LH:9
BRF:0
BRH:0
end_of_record
TN:
SF:models\index.js
FN:20,(anonymous_0)
FN:23,(anonymous_1)
FN:28,(anonymous_2)
FNF:3
FNH:3
FNDA:32,(anonymous_0)
FNDA:28,(anonymous_1)
FNDA:28,(anonymous_2)
DA:3,4
DA:4,4
DA:5,4
DA:6,4
DA:7,4
DA:8,4
DA:9,4
DA:12,4
DA:13,0
DA:15,4
DA:18,4
DA:21,32
DA:24,28
DA:25,28
DA:28,4
DA:29,28
DA:30,28
DA:34,4
DA:35,4
DA:37,4
LF:20
LH:19
BRDA:7,0,0,4
BRDA:7,0,1,0
BRDA:12,1,0,0
BRDA:12,1,1,4
BRDA:21,2,0,32
BRDA:21,2,1,32
BRDA:21,2,2,28
BRDA:29,3,0,28
BRDA:29,3,1,0
BRF:9
BRH:6
end_of_record
TN:
SF:models\items.js
FN:5,(anonymous_0)
FN:12,(anonymous_1)
FNF:2
FNH:2
FNDA:4,(anonymous_0)
FNDA:4,(anonymous_1)
DA:4,4
DA:5,4
DA:14,4
DA:17,4
DA:22,4
DA:43,4
LF:6
LH:6
BRF:0
BRH:0
end_of_record
TN:
SF:models\orders.js
FN:5,(anonymous_0)
FN:12,(anonymous_1)
FNF:2
FNH:2
FNDA:4,(anonymous_0)
FNDA:4,(anonymous_1)
DA:4,4
DA:5,4
DA:14,4
DA:17,4
DA:22,4
DA:28,4
LF:6
LH:6
BRF:0
BRH:0
end_of_record
TN:
SF:models\transactions.js
FN:5,(anonymous_0)
FN:12,(anonymous_1)
FNF:2
FNH:2
FNDA:4,(anonymous_0)
FNDA:4,(anonymous_1)
DA:4,4
DA:5,4
DA:14,4
DA:17,4
DA:20,4
DA:25,4
DA:33,4
LF:7
LH:7
BRF:0
BRH:0
end_of_record
TN:
SF:models\users.js
FN:6,(anonymous_0)
FN:13,(anonymous_1)
FN:78,(anonymous_2)
FNF:3
FNH:3
FNDA:4,(anonymous_0)
FNDA:4,(anonymous_1)
FNDA:11,(anonymous_2)
DA:4,4
DA:5,4
DA:6,4
DA:15,4
DA:18,4
DA:21,4
DA:24,4
DA:29,4
DA:79,11
DA:85,4
LF:10
LH:10
BRF:0
BRH:0
end_of_record
TN:
SF:routes\favorites.js
FNF:0
FNH:0
DA:1,4
DA:2,4
DA:3,4
DA:4,4
DA:7,4
DA:8,4
DA:9,4
DA:10,4
DA:11,4
DA:14,4
LF:10
LH:10
BRF:0
BRH:0
end_of_record
TN:
SF:routes\index.js
FNF:0
FNH:0
DA:1,4
DA:2,4
DA:3,4
DA:4,4
DA:5,4
DA:6,4
DA:8,4
DA:9,4
DA:10,4
DA:12,4
DA:13,4
DA:14,4
DA:15,4
DA:18,4
DA:19,4
DA:20,4
DA:29,4
DA:30,4
DA:31,4
DA:37,4
LF:20
LH:20
BRF:0
BRH:0
end_of_record
TN:
SF:routes\transactions.js
FNF:0
FNH:0
DA:1,4
DA:2,4
DA:3,4
DA:4,4
DA:6,4
DA:7,4
DA:8,4
DA:9,4
DA:10,4
DA:11,4
DA:14,4
LF:11
LH:11
BRF:0
BRH:0
end_of_record
TN:
SF:routes\users.js
FNF:0
FNH:0
DA:1,4
DA:2,4
DA:3,4
DA:4,4
DA:7,4
DA:8,4
DA:9,4
DA:13,4
LF:8
LH:8
BRF:0
BRH:0
end_of_record
