TN:
SF:app.js
FNF:0
FNH:0
DA:1,4
DA:2,4
DA:3,4
DA:4,4
DA:5,4
DA:6,4
DA:7,4
DA:9,4
DA:10,4
DA:11,4
DA:14,4
DA:16,4
DA:19,4
LF:13
LH:13
BRDA:6,0,0,4
BRDA:6,0,1,4
BRF:2
BRH:2
end_of_record
TN:
SF:controllers\authController.js
FN:7,(anonymous_0)
FN:20,(anonymous_1)
FN:25,(anonymous_2)
FN:29,(anonymous_3)
FN:39,(anonymous_4)
FN:58,(anonymous_5)
FNF:6
FNH:5
FNDA:3,(anonymous_0)
FNDA:3,(anonymous_1)
FNDA:0,(anonymous_2)
FNDA:15,(anonymous_3)
FNDA:10,(anonymous_4)
FNDA:6,(anonymous_5)
DA:1,4
DA:2,4
DA:3,4
DA:4,4
DA:8,3
DA:19,3
DA:21,3
DA:22,3
DA:23,3
DA:26,0
DA:30,15
DA:34,15
DA:40,10
DA:41,6
DA:42,3
DA:47,3
DA:48,3
DA:49,3
DA:50,3
DA:52,2
DA:55,4
DA:59,6
DA:64,4
LF:23
LH:22
BRDA:9,0,0,3
BRDA:9,0,1,0
BRDA:10,1,0,3
BRDA:10,1,1,0
BRDA:11,2,0,3
BRDA:11,2,1,0
BRDA:12,3,0,3
BRDA:12,3,1,0
BRDA:13,4,0,0
BRDA:13,4,1,3
BRDA:40,5,0,6
BRDA:40,5,1,4
BRDA:41,6,0,3
BRDA:41,6,1,2
BRF:14
BRH:9
end_of_record
TN:
SF:controllers\favoriteController.js
FN:5,(anonymous_0)
FN:28,(anonymous_1)
FN:31,(anonymous_2)
FN:35,(anonymous_3)
FN:51,(anonymous_4)
FN:54,(anonymous_5)
FN:58,(anonymous_6)
FN:64,(anonymous_7)
FN:67,(anonymous_8)
FN:72,(anonymous_9)
FN:78,(anonymous_10)
FN:81,(anonymous_11)
FNF:12
FNH:9
FNDA:1,(anonymous_0)
FNDA:1,(anonymous_1)
FNDA:0,(anonymous_2)
FNDA:1,(anonymous_3)
FNDA:1,(anonymous_4)
FNDA:0,(anonymous_5)
FNDA:4,(anonymous_6)
FNDA:3,(anonymous_7)
FNDA:1,(anonymous_8)
FNDA:1,(anonymous_9)
FNDA:1,(anonymous_10)
FNDA:0,(anonymous_11)
DA:1,4
DA:2,4
DA:6,1
DA:7,1
DA:8,0
DA:10,1
DA:12,1
DA:29,1
DA:32,0
DA:36,1
DA:52,1
DA:55,0
DA:59,4
DA:63,4
DA:65,3
DA:68,1
DA:73,1
DA:79,1
DA:82,0
DA:87,4
LF:20
LH:16
BRDA:7,0,0,0
BRDA:7,0,1,1
BRF:2
BRH:1
end_of_record
TN:
SF:controllers\garageController.js
FN:5,(anonymous_0)
FN:23,(anonymous_1)
FN:32,(anonymous_2)
FN:35,(anonymous_3)
FN:39,(anonymous_4)
FN:44,(anonymous_5)
FN:50,(anonymous_6)
FN:59,(anonymous_7)
FN:64,(anonymous_8)
FN:78,(anonymous_9)
FN:82,(anonymous_10)
FNF:11
FNH:8
FNDA:2,(anonymous_0)
FNDA:1,(anonymous_1)
FNDA:1,(anonymous_2)
FNDA:0,(anonymous_3)
FNDA:1,(anonymous_4)
FNDA:1,(anonymous_5)
FNDA:1,(anonymous_6)
FNDA:0,(anonymous_7)
FNDA:1,(anonymous_8)
FNDA:1,(anonymous_9)
FNDA:0,(anonymous_10)
DA:1,4
DA:7,2
DA:18,2
DA:19,0
DA:22,2
DA:24,1
DA:31,1
DA:33,1
DA:36,0
DA:40,1
DA:45,1
DA:51,1
DA:52,1
DA:53,1
DA:60,0
DA:65,1
DA:72,1
DA:79,1
DA:80,1
DA:83,0
DA:88,4
LF:21
LH:17
BRDA:18,0,0,0
BRDA:18,0,1,2
BRDA:51,1,0,1
BRDA:51,1,1,0
BRDA:66,2,0,1
BRDA:66,2,1,0
BRDA:67,3,0,1
BRDA:67,3,1,0
BRDA:68,4,0,1
BRDA:68,4,1,0
BRF:10
BRH:5
end_of_record
TN:
SF:controllers\transactionController.js
FN:5,(anonymous_0)
FN:28,(anonymous_1)
FN:31,(anonymous_2)
FN:35,(anonymous_3)
FN:54,(anonymous_4)
FN:57,(anonymous_5)
FN:62,(anonymous_6)
FN:72,(anonymous_7)
FN:75,(anonymous_8)
FN:80,(anonymous_9)
FN:94,(anonymous_10)
FN:102,(anonymous_11)
FN:106,(anonymous_12)
FN:115,(anonymous_13)
FN:118,(anonymous_14)
FNF:15
FNH:12
FNDA:1,(anonymous_0)
FNDA:0,(anonymous_1)
FNDA:1,(anonymous_2)
FNDA:1,(anonymous_3)
FNDA:1,(anonymous_4)
FNDA:0,(anonymous_5)
FNDA:4,(anonymous_6)
FNDA:3,(anonymous_7)
FNDA:1,(anonymous_8)
FNDA:2,(anonymous_9)
FNDA:1,(anonymous_10)
FNDA:1,(anonymous_11)
FNDA:1,(anonymous_12)
FNDA:1,(anonymous_13)
FNDA:0,(anonymous_14)
DA:1,4
DA:2,4
DA:6,1
DA:12,1
DA:29,0
DA:32,1
DA:36,1
DA:55,1
DA:58,0
DA:63,4
DA:70,4
DA:71,4
DA:73,3
DA:76,1
DA:81,2
DA:88,2
DA:95,1
DA:96,1
DA:103,1
DA:107,1
DA:110,1
DA:116,1
DA:119,0
DA:124,4
LF:24
LH:21
BRDA:95,0,0,1
BRDA:95,0,1,0
BRF:2
BRH:1
end_of_record
TN:
SF:controllers\userController.js
FN:5,(anonymous_0)
FN:7,(anonymous_1)
FN:9,(anonymous_2)
FN:12,(anonymous_3)
FN:16,(anonymous_4)
FN:22,(anonymous_5)
FN:27,(anonymous_6)
FN:31,(anonymous_7)
FN:52,(anonymous_8)
FN:61,(anonymous_9)
FN:65,(anonymous_10)
FN:76,(anonymous_11)
FN:86,(anonymous_12)
FNF:13
FNH:10
FNDA:1,(anonymous_0)
FNDA:1,(anonymous_1)
FNDA:2,(anonymous_2)
FNDA:0,(anonymous_3)
FNDA:1,(anonymous_4)
FNDA:1,(anonymous_5)
FNDA:0,(anonymous_6)
FNDA:2,(anonymous_7)
FNDA:1,(anonymous_8)
FNDA:1,(anonymous_9)
FNDA:1,(anonymous_10)
FNDA:1,(anonymous_11)
FNDA:0,(anonymous_12)
DA:1,4
DA:2,4
DA:6,1
DA:8,1
DA:9,2
DA:10,1
DA:13,0
DA:17,1
DA:23,1
DA:24,1
DA:25,1
DA:28,0
DA:32,2
DA:33,2
DA:34,2
DA:36,2
DA:37,0
DA:39,2
DA:40,2
DA:42,2
DA:43,0
DA:45,2
DA:46,2
DA:53,1
DA:54,1
DA:55,1
DA:56,1
DA:58,0
DA:62,1
DA:66,1
DA:67,1
DA:70,1
DA:77,1
DA:80,1
DA:87,0
DA:118,4
LF:36
LH:30
BRDA:33,0,0,2
BRDA:33,0,1,0
BRDA:36,1,0,0
BRDA:36,1,1,2
BRDA:39,2,0,2
BRDA:39,2,1,0
BRDA:42,3,0,0
BRDA:42,3,1,2
BRDA:53,4,0,1
BRDA:53,4,1,0
BRDA:66,5,0,1
BRDA:66,5,1,0
BRDA:77,6,0,1
BRDA:77,6,1,0
BRF:14
BRH:7
end_of_record
TN:
SF:helpers\errHandler.js
FN:1,(anonymous_0)
FN:5,(anonymous_1)
FNF:2
FNH:2
FNDA:24,(anonymous_0)
FNDA:2,(anonymous_1)
DA:1,4
DA:2,24
DA:3,6
DA:4,2
DA:5,2
DA:6,2
DA:8,2
DA:9,4
DA:10,0
DA:13,4
DA:16,18
DA:17,18
DA:19,0
DA:23,4
LF:14
LH:12
BRDA:2,0,0,6
BRDA:2,0,1,18
BRDA:3,1,0,2
BRDA:3,1,1,4
BRDA:9,2,0,0
BRDA:9,2,1,4
BRDA:16,3,0,18
BRDA:16,3,1,0
BRF:8
BRH:6
end_of_record
TN:
SF:helpers\jwtHelper.js
FN:3,(anonymous_0)
FN:6,(anonymous_1)
FNF:2
FNH:2
FNDA:9,(anonymous_0)
FNDA:22,(anonymous_1)
DA:1,4
DA:3,4
DA:4,9
DA:6,4
DA:7,22
DA:10,4
LF:6
LH:6
BRF:0
BRH:0
end_of_record
TN:
SF:helpers\passwordHelper.js
FN:3,(anonymous_0)
FN:7,(anonymous_1)
FNF:2
FNH:2
FNDA:13,(anonymous_0)
FNDA:6,(anonymous_1)
DA:1,4
DA:3,4
DA:4,13
DA:7,4
DA:8,6
DA:11,4
LF:6
LH:6
BRF:0
BRH:0
end_of_record
TN:
SF:helpers\testsHelpers.js
FN:4,(anonymous_0)
FN:10,(anonymous_1)
FN:17,(anonymous_2)
FNF:3
FNH:3
FNDA:4,(anonymous_0)
FNDA:4,(anonymous_1)
FNDA:2,(anonymous_2)
DA:1,4
DA:4,4
DA:5,4
DA:10,4
DA:11,4
DA:17,4
DA:18,2
DA:67,4
LF:8
LH:8
BRF:0
BRH:0
end_of_record
TN:
SF:middlewares\authMiddleware.js
FN:4,(anonymous_0)
FN:14,(anonymous_1)
FN:18,(anonymous_2)
FN:29,(anonymous_3)
FN:36,(anonymous_4)
FN:43,(anonymous_5)
FNF:6
FNH:4
FNDA:28,(anonymous_0)
FNDA:22,(anonymous_1)
FNDA:0,(anonymous_2)
FNDA:1,(anonymous_3)
FNDA:1,(anonymous_4)
FNDA:0,(anonymous_5)
DA:1,4
DA:2,4
DA:4,4
DA:5,28
DA:6,22
DA:7,22
DA:8,22
DA:15,22
DA:16,22
DA:19,0
DA:22,0
DA:25,6
DA:29,4
DA:30,1
DA:37,1
DA:38,1
DA:40,0
DA:44,0
DA:121,4
LF:19
LH:15
BRDA:5,0,0,22
BRDA:5,0,1,6
BRDA:7,1,0,22
BRDA:7,1,1,0
BRDA:7,2,0,22
BRDA:7,2,1,22
BRDA:37,3,0,1
BRDA:37,3,1,0
BRF:8
BRH:6
end_of_record
TN:
SF:models\chats.js
FN:5,(anonymous_0)
FN:12,(anonymous_1)
FNF:2
FNH:2
FNDA:4,(anonymous_0)
FNDA:4,(anonymous_1)
DA:4,4
DA:5,4
DA:14,4
DA:17,4
DA:20,4
DA:25,4
DA:32,4
LF:7
LH:7
BRF:0
BRH:0
end_of_record
TN:
SF:models\favorites.js
FN:5,(anonymous_0)
FN:12,(anonymous_1)
FNF:2
FNH:2
FNDA:4,(anonymous_0)
FNDA:4,(anonymous_1)
DA:4,4
DA:5,4
DA:14,4
DA:17,4
DA:22,4
DA:28,4
LF:6
LH:6
BRF:0
BRH:0
end_of_record
TN:
SF:models\garages.js
FN:5,(anonymous_0)
FN:12,(anonymous_1)
FNF:2
FNH:2
FNDA:4,(anonymous_0)
FNDA:4,(anonymous_1)
DA:4,4
DA:5,4
DA:14,4
DA:17,4
DA:20,4
DA:23,4
DA:26,4
DA:31,4
DA:66,4
LF:9
LH:9
BRF:0
BRH:0
end_of_record
TN:
SF:models\index.js
FN:20,(anonymous_0)
FN:23,(anonymous_1)
FN:28,(anonymous_2)
FNF:3
FNH:3
FNDA:32,(anonymous_0)
FNDA:28,(anonymous_1)
FNDA:28,(anonymous_2)
DA:3,4
DA:4,4
DA:5,4
DA:6,4
DA:7,4
DA:8,4
DA:9,4
DA:12,4
DA:13,0
DA:15,4
DA:18,4
DA:21,32
DA:24,28
DA:25,28
DA:28,4
DA:29,28
DA:30,28
DA:34,4
DA:35,4
DA:37,4
LF:20
LH:19
BRDA:7,0,0,4
BRDA:7,0,1,0
BRDA:12,1,0,0
BRDA:12,1,1,4
BRDA:21,2,0,32
BRDA:21,2,1,32
BRDA:21,2,2,28
BRDA:29,3,0,28
BRDA:29,3,1,0
BRF:9
BRH:6
end_of_record
TN:
SF:models\items.js
FN:5,(anonymous_0)
FN:12,(anonymous_1)
FNF:2
FNH:2
FNDA:4,(anonymous_0)
FNDA:4,(anonymous_1)
DA:4,4
DA:5,4
DA:14,4
DA:17,4
DA:22,4
DA:43,4
LF:6
LH:6
BRF:0
BRH:0
end_of_record
TN:
SF:models\orders.js
FN:5,(anonymous_0)
FN:12,(anonymous_1)
FNF:2
FNH:2
FNDA:4,(anonymous_0)
FNDA:4,(anonymous_1)
DA:4,4
DA:5,4
DA:14,4
DA:17,4
DA:22,4
DA:28,4
LF:6
LH:6
BRF:0
BRH:0
end_of_record
TN:
SF:models\transactions.js
FN:5,(anonymous_0)
FN:12,(anonymous_1)
FNF:2
FNH:2
FNDA:4,(anonymous_0)
FNDA:4,(anonymous_1)
DA:4,4
DA:5,4
DA:14,4
DA:17,4
DA:20,4
DA:25,4
DA:33,4
LF:7
LH:7
BRF:0
BRH:0
end_of_record
TN:
SF:models\users.js
FN:6,(anonymous_0)
FN:13,(anonymous_1)
FN:78,(anonymous_2)
FNF:3
FNH:3
FNDA:4,(anonymous_0)
FNDA:4,(anonymous_1)
FNDA:12,(anonymous_2)
DA:4,4
DA:5,4
DA:6,4
DA:15,4
DA:18,4
DA:21,4
DA:24,4
DA:29,4
DA:79,12
DA:85,4
LF:10
LH:10
BRF:0
BRH:0
end_of_record
TN:
SF:routes\favorites.js
FNF:0
FNH:0
DA:1,4
DA:2,4
DA:3,4
DA:4,4
DA:7,4
DA:8,4
DA:9,4
DA:10,4
DA:11,4
DA:14,4
LF:10
LH:10
BRF:0
BRH:0
end_of_record
TN:
SF:routes\index.js
FNF:0
FNH:0
DA:1,4
DA:2,4
DA:3,4
DA:4,4
DA:5,4
DA:6,4
DA:8,4
DA:9,4
DA:10,4
DA:12,4
DA:13,4
DA:14,4
DA:15,4
DA:18,4
DA:19,4
DA:20,4
DA:29,4
DA:30,4
DA:31,4
DA:37,4
LF:20
LH:20
BRF:0
BRH:0
end_of_record
TN:
SF:routes\transactions.js
FNF:0
FNH:0
DA:1,4
DA:2,4
DA:3,4
DA:4,4
DA:6,4
DA:7,4
DA:8,4
DA:9,4
DA:10,4
DA:11,4
DA:14,4
LF:11
LH:11
BRF:0
BRH:0
end_of_record
TN:
SF:routes\users.js
FNF:0
FNH:0
DA:1,4
DA:2,4
DA:3,4
DA:4,4
DA:7,4
DA:8,4
DA:9,4
DA:13,4
LF:8
LH:8
BRF:0
BRH:0
end_of_record
